<?xml version="1.0" encoding="UTF-8"?>
<tsduck>
  <DSMCC_user_to_network_message version="0" current="true" table_id_extension="0x0000" protocol_discriminator="0x11" dsmcc_type="0x03" message_id="0x1006" transaction_id="0x80000000">
    <metadata PID="1,898"/>
    <DSI>
      <server_id>
        FF FF FF FF FF FF FF FF FF FF FF FF FF FF FF FF
        FF FF FF FF
      </server_id>
      <IOR>
        <type_id>
          73 72 67 00
        </type_id>
        <tagged_profile profile_id_tag="0x49534F06" profile_data_byte_order="0x00">
          <BIOP_profile_body>
            <lite_component component_id_tag="0x49534F50">
              <BIOP_object_location carousel_id="0x0000000A" module_id="0x0001" version_major="0x01" version_minor="0x00">
                <object_key_data>
                  01
                </object_key_data>
              </BIOP_object_location>
            </lite_component>
            <lite_component component_id_tag="0x49534F40">
              <DSM_conn_binder>
                <BIOP_tap id="0x0000" use="0x0016" association_tag="0x000A" selector_type="0x0001" transaction_id="0x80000002" timeout="0x03938700"/>
              </DSM_conn_binder>
            </lite_component>
          </BIOP_profile_body>
        </tagged_profile>
      </IOR>
    </DSI>
  </DSMCC_user_to_network_message>
  <DSMCC_user_to_network_message version="29" current="true" table_id_extension="0x0003" protocol_discriminator="0x11" dsmcc_type="0x03" message_id="0x1002" transaction_id="0xA97D0003">
    <metadata PID="1,898"/>
    <DII download_id="0x0000000A" block_size="0x0FE2">
      <module module_id="0x0001" module_size="0x00000085" module_version="0x7D" module_timeout="0x03938700" block_timeout="0x03938700" min_block_time="0x00000000">
        <tap id="0x0000" use="0x0017" association_tag="0x000A"/>
        <dsmcc_compressed_module_descriptor compression_method="0x78" original_size="0x00000126"/>
      </module>
      <module module_id="0x0002" module_size="0x0005C902" module_version="0x7D" module_timeout="0x03938700" block_timeout="0x03938700" min_block_time="0x00000000">
        <tap id="0x0000" use="0x0017" association_tag="0x000A"/>
        <dsmcc_compressed_module_descriptor compression_method="0x78" original_size="0x000B8991"/>
      </module>
      <module module_id="0x0003" module_size="0x0000746E" module_version="0x7D" module_timeout="0x03938700" block_timeout="0x03938700" min_block_time="0x00000000">
        <tap id="0x0000" use="0x0017" association_tag="0x000A"/>
        <dsmcc_compressed_module_descriptor compression_method="0x78" original_size="0x00007CCA"/>
      </module>
    </DII>
  </DSMCC_user_to_network_message>
  <DSMCC_download_data_message version="29" current="true" table_id_extension="0x0003" protocol_discriminator="0x11" dsmcc_type="0x03" message_id="0x1003" download_id="0x0000000A" module_id="0x0003" module_version="0x7D">
    <metadata PID="1,898"/>
    <block_data>
      78 9C AC 7A 07 38 9C 4D F7 F7 EA 2D D1 23 6A AC
      D5 7B EF 25 7A EF 44 27 16 8B 65 B1 58 5D 44 EF
      9D E8 BD B7 08 A2 86 88 1E 2D A2 47 0F 22 3A 41
      44 90 E2 5B 92 BC CF F3 BC FF F7 FF 7E D7 77 5D
      DF EE B5 F7 3D 33 F7 99 33 E7 CC 9C DF 6F CE EC
      AE AC 8A 96 36 0A E0 FA 85 B3 82 82 86 BC A1 DB
      42 61 00 00 36 E0 57 5B F7 F5 A5 FF BA 20 71 DF
      DB 09 06 F4 84 B8 B9 43 5D 9C 25 41 BC 5C 3C 20
      20 C4 D9 DA C5 06 EA 6C 27 09 F2 40 D8 72 8A 80
      80 F7 A5 70 25 E8 E4 B5 E4 F4 8D B5 15 80 F6 08
      64 07 ED 07 B2 EA 2A 72 40 10 27 37 B7 B2 95 95
      BE 01 37 37 2F 17 F2 CD CD AD A0 09 02 82 EC 11
      08 B8 18 37 B7 97 97 17 97 BD 95 15 C2 93 CB C5
      CD 8E DB 06 61 F3 4B 96 F3 46 94 0B 59 07 21 F5
      DE A8 43 DA E0 EC 2E F9 F7 7E 5E FC 37 9D 78 45
      45 45 B9 BD AF 65 6E 64 21 60 1B E4 CD 09 82 00
      03 AF 65 39 21 AE 1E 50 4F 49 90 B5 8B 33 02 E2
      8C E0 44 F8 C0 21 20 E0 EF 9A 24 08 0C 87 C3 A0
      D6 60 04 D2 33 6E 4F 67 9B DF B6 DC 68 63 47 8E
      28 0E B4 B6 07 BB B9 43 10 92 BF DD E4 FE 4F BA
      E1 6E 60 3B 27 F0 DF B4 3A BB 70 5A 83 AD ED 21
      A0 6B 71 77 6B 37 28 1C 01 BC 1E 58 12 84 80 78
      23 B8 1D C0 9E E0 5F AD 48 8B B9 B9 25 E8 4C E5
      E4 65 F4 65 4C 71 6D 3D 9C AD AF 4D 01 32 B0 F8
      B2 FA B9 41 10 1E 6E CE 40 1B 17 6B 0F 27 A4 5A
      2E 3B 08 42 01 06 B9 2E CA FA A8 D8 20 25 C4 1F
      FD D5 C3 C5 99 85 D5 8F 81 05 84 80 83 58 B9 AC
      61 60 77 77 4D B0 13 72 40 17 67 D0 3F C4 6C 6D
      FF 17 39 5B DB 7F 08 BA 23 C0 6E 08 A4 28 AE 27
      D8 0D 88 9C 25 49 06 16 66 27 3B 37 66 56 71 5C
      A8 2D 0B B2 81 89 09 79 B9 B6 49 CB CB 19 E2 26
      F3 D7 3C B2 5E 4B FF 2F CF 58 FE 38 F3 6F 6A DC
      ED 5D BC 58 FF 14 58 FE ED 21 18 69 91 27 18 01
      61 FD 7B E5 5A E8 DA 67 F1 1B 03 A1 30 49 1E 0E
      98 A4 29 2E 48 CE C5 D9 19 62 8D 80 F8 02 3D 5D
      10 6E 10 A0 BE 01 10 EE E2 E1 06 B4 EA AD 74 EE
      AD B4 85 5A 43 21 6E 40 1B 08 88 03 17 34 9E 3F
      DE 39 DE 38 FE 62 BC 7D 22 7E 22 62 BC 75 22 78
      BC 09 78 7D 19 6F 47 7E 1A C6 5B C7 5B C6 3B 27
      02 81 E3 2F AE A5 E7 23 E7 9A E6 43 81 73 E5 F3
      A1 73 55 F3 A1 F3 41 73 0D F3 D1 F3 91 F3 E1 40
      64 25 74 AE 7C EE 39 B2 39 08 79 7F 36 57 09 9C
      0F 9B 0F 9F 8F 00 E1 72 FC B2 07 81 80 20 4D 81
      C2 80 08 08 0C E2 09 75 77 41 D6 C0 40 4F B0 33
      02 6C 67 07 75 01 71 FC 31 1B E8 73 6D 2B D2 66
      84 0B D0 0A E2 0C B1 85 22 80 B6 6E 2E 4E 20 5C
      F3 DF 8E CA 4B 22 A3 51 05 19 67 6E 9E 60 18 CB
      9F E5 BA 5E 28 E4 94 41 61 52 92 30 2E 18 C4 D9
      0E 61 7F DD 82 9C 15 71 DC 47 C8 95 43 78 23 98
      59 B9 A0 C8 31 DC 94 F5 35 D4 25 41 12 50 29 10
      3B CC 14 0A 63 67 37 67 07 01 25 AC A4 F4 C0 08
      2E 84 A7 04 B7 95 94 04 37 F2 21 B2 1F 87 20 0F
      0F CF 75 90 71 73 9B 9B 23 03 99 FB 57 CC 5E 87
      34 C2 07 06 F9 7B 44 5B BB BB 23 43 D9 CA C5 C6
      07 E8 87 0B 77 71 87 5E 1B 25 06 B6 72 77 81 79
      20 20 E2 B8 5E 50 1B 84 BD 18 2F 9F 30 0F DC 5B
      1C D7 1E 02 B5 B3 47 88 09 F3 DE D4 10 2E 70 31
      A4 99 30 88 2D E2 FA EE 04 76 B3 83 3A 5F 97 E0
      60 9B 6B 8A B9 2E 5A 81 AD 1D ED DC 5C 3C 9C 6D
      38 AD 5D 60 2E 6E 62 08 37 B0 B3 3B 1C EC 86 0C
      25 64 1C 20 B9 C9 16 E6 E2 25 66 0F B5 B1 81 38
      8B E3 DA 22 81 C8 69 0B 76 82 C2 7C C4 40 32 6E
      50 30 0C C4 E1 8E EC C0 E9 0E 71 83 DA FE 7E EE
      0E F5 85 88 F1 09 5C 9B 00 83 3A 43 38 7F 5B C5
      27 72 DD F2 08 97 1E 01 47 FA E2 E2 81 B8 7E 78
      63 CE FF 74 EB C6 66 5E 7E 9E 7F F9 C1 2F 74 5D
      FA E5 AD C0 3F 9C E5 E5 BB A9 FD E5 88 D8 B5 5E
      B0 1B A7 9D 1B D8 06 8A 74 83 E5 7A C9 5D 10 08
      17 27 0E 37 3B 2B 30 0B 9F A0 20 C7 9F 0F 92 72
      59 81 3C 8C BF 1F 08 F0 70 FC F9 DC 3C E0 E5 E1
      61 64 FD 87 6A 4E 17 CE FF A9 1D FE FF 41 AF 17
      C4 CA 11 8A F8 4B EB AF 51 38 AE E7 01 78 3D C2
      4D E1 B7 17 37 0B C5 E9 8E 6C 66 F9 D7 10 FF 36
      36 EB DF 85 AE 87 FB CF 96 B0 FE 67 2B FE FF B9
      F8 47 A3 95 8B 37 A7 BB 3D D8 06 19 4A 3C C0 EB
      E8 04 F2 00 39 91 11 02 BC E9 CD C3 71 F3 E6 E2
      BB EE E1 F2 FF 20 FC FF A0 F6 B7 21 37 E1 FD 2B
      DA 6E A6 14 69 27 8F 93 3B 10 02 76 87 DC 8C FD
      5F 9F DF C4 2E 17 92 C3 FD 6E E2 53 E4 26 F2 7E
      37 DA DA FE 6E FD 1D B5 D7 CD DE 08 64 A0 23 F1
      03 46 DC 28 FB 17 04 AF FB FD 31 F7 57 F4 FE 0A
      6C 3E 91 7F 04 36 8F E0 75 ED 17 2C E9 F9 04 AF
      DF 7F 10 76 4D 13 62 50 04 18 49 FF D7 60 B9 A6
      41 4E 24 6A AD AF 51 CD FB 1B 66 30 17 3B 97 FF
      4C 1A 6E 37 FA 85 04 FE 80 8B F7 6F E0 12 15 F8
      9B 09 BF 2A 56 2E 6E 36 10 B7 6B A4 22 B5 22 B7
      2A A0 1F 92 69 A1 56 50 18 14 E1 F3 87 19 1E 5D
      B3 D8 B5 55 D7 74 F6 3B 55 B8 61 2D 17 67 A4 FF
      36 92 A0 DF DB DE 75 26 E1 62 E5 70 CD C8 50 64
      2B 52 1B E8 37 DD FD 3D 61 70 81 C2 6D FF B6 B9
      69 80 9D C1 76 10 37 10 92 40 7F F5 45 2A B1 81
      7A DE 68 40 6E B7 C8 1A D4 C9 EE A6 76 ED 33 08
      E8 EE 66 2D 09 72 73 10 10 E4 B2 83 DA FE 4A 2D
      E0 BF 84 BD 91 89 C1 FF 65 47 B8 A6 6C E0 DF 39
      1B 7E ED 12 72 B8 EB DB B5 4B 37 1E 22 D3 18 29
      5C 5C D9 7F 65 7A 6E D3 28 E8 FF 9E E9 B9 B5 5C
      5F DA AF 0B 4A 2A 8A 22 A2 E0 60 80 0D E0 2B 00
      70 7C 72 F2 E9 D3 A7 CB CB 6F 87 47 27 E7 5F CF
      2F 2E 2E BE 9C 7D 3D 3B BF F8 7C 7A FA FD FB F7
      D3 2F 67 7B 7B 7B FB C8 D7 C1 C1 B7 6F DF 7E FC
      FC 79 70 78 70 78 78 78 70 70 70 F9 ED FB E5 F9
      E9 F9 D7 93 1F DF BF 7D BB FC FA E1 C3 C6 F6 EE
      DE A7 93 D3 E5 F7 AB EF 57 57 E7 E6 E6 B6 B7 B7
      3F 7E FC 38 BF B8 34 3F 3F 7F 7C B8 71 B8 BB B2
      77 78 B4 B1 B5 B3 B2 BC B2 B3 B3 BB B4 B4 74 7C
      7A B6 BF B7 B5 BD 8F 54 77 F8 6E F6 DD E2 C2 E2
      F2 87 CD 99 77 73 0B 4B CB 5F 4E 76 A7 E6 97 CF
      BE 1C BF 99 9C 19 7E 3B 31 33 3D BD B3 31 BD BA
      B9 3B 3C 3C F2 B2 F3 55 EF EB C1 BE 91 B7 63 33
      F3 43 A3 6F FA FA FA 86 86 86 DE BE 1D 7F 3D 38
      38 3A FA 66 64 64 E4 F5 C0 40 47 DF E0 D1 D1 FE
      DC CA FA EC D2 FB F5 9D 83 86 E6 D6 DA DA DA F7
      CB E3 95 B5 75 D5 8D 6D 4D 2F 3A 1A 3A FB 07 C6
      A6 46 46 06 96 66 BA F2 4B CB E7 27 5A 52 B3 72
      32 F2 0A 73 8A 4A B6 0F 4F 12 D2 32 E3 52 52 26
      07 4A 83 A2 E3 82 C3 23 23 12 92 7D 83 42 3C 02
      82 5C 7C FC DD 3C 7D 06 5F 24 FA F9 F9 9B 41 A0
      FA A6 16 96 0E CE 66 96 56 10 17 B7 07 16 56 3D
      75 01 3D 2F 8A 3B 6A C3 34 4D 1F AA 1B 98 28 EB
      1B 8A 29 AA 48 A9 6A 2A 68 EB 73 0A 8B 09 48 CB
      C9 68 EA F2 88 4B 31 F3 0A B4 95 B8 52 31 B1 01
      D9 B9 C8 80 F4 35 D9 4E D5 A9 A6 CB 2B EF 46 47
      46 F7 F7 F6 EB EA EA 1B 9F 37 B6 B7 77 34 37 37
      7F 58 7A 5D 5D 5D 33 32 D4 36 F9 B6 BF B5 B5 B5
      B4 AA A6 B4 B4 34 2F 37 AF A0 A0 20 3B 3B A7 A2
      A2 B2 B8 A8 38 38 38 34 2A 32 2A 25 39 25 31 31
      29 3E 2E 3E 26 3A 26 33 23 D3 11 EE E6 EE 8E F0
      F6 F2 51 D7 D6 63 61 64 62 02 D1 0B 0B 0A D9 B9
      F9 C8 2A 28 29 A9 69 E8 1B 18 E5 55 D6 39 38 C0
      6C 20 76 5E E1 89 F6 F6 D0 E7 F5 E5 DD 9D 75 E1
      61 E1 69 4F D2 F8 85 45 C5 44 44 39 D9 D8 B9 39
      90 A9 39 4F 5E AA D7 E3 80 C7 7C 3C BC FC BC 7C
      22 62 12 E2 A2 62 EC CC 2C C9 25 CF 9C 9D 9C 1F
      E8 E9 6B 6A 69 0B F2 09 08 09 08 EA 69 EB 28 2B
      A9 F8 FB 40 E5 E5 14 32 2A 9F 8B 4B DE 97 91 96
      95 96 92 36 37 B7 28 C9 8B 96 92 BC 6F 6D 65 6D
      62 62 2A 22 24 A2 20 AF E8 E9 E1 69 F9 D0 52 42
      5C 42 43 5D 53 5F DF C0 F0 81 81 B6 B6 AE AE DE
      03 29 09 29 25 45 65 5E 01 21 45 05 25 39 59 39
      3E 3E FE F0 20 67 4D 0D 4D 6F 04 38 FF 59 2B 1C
      EE 1A 9A 92 1D 95 55 5A 5B 99 5E 5E 59 9C 57 98
      65 07 B1 55 55 55 57 53 D3 88 2F A8 D6 D6 D2 36
      32 34 56 55 51 53 51 56 D5 D5 D5 97 93 91 4D 8C
      0F 4A 89 41 A8 AA CA 98 98 1A 18 1A E9 45 85 7B
      3F F6 77 75 70 B4 51 96 BB 6F A8 AB 21 29 2A F0
      0B 17 74 57 78 9A 0A FA 7A 72 32 DA 0A 7C 5C 3C
      68 28 BF 9A 8C 34 B4 81 F2 60 04 18 79 47 9E 8B
      90 5C E6 08 41 EE 78 10 24 5F 4A 82 3E B5 BF 02
      DD 00 D8 50 50 83 47 03 2E 07 B1 87 2A FB BA 41
      F4 7C 35 F5 AD 7D 1D AD 45 6D 40 F7 A5 80 12 DE
      62 DE 4E F0 9B 33 C4 CD 91 46 CC 1B 49 2A 36 2E
      56 10 31 64 F9 BA 99 1B 04 BC 11 41 38 4A 82 64
      AE 1F 00 AF C7 94 BB CE 19 05 B9 84 38 AD 79 F9
      45 80 C2 A2 5C BC 82 A2 22 7C 02 1C 48 66 E6 15
      E2 E6 11 E5 E6 15 E0 E4 E1 15 E3 11 15 E3 E1 05
      FE 7E 81 90 A3 B9 D9 D8 8A E9 CA 2B FE 1E 0B 59
      FB 5F 8F 50 3C 7C DC 7C 7C 9C 48 09 4E 77 1F 64
      62 EA CD E9 EC 4E FF 47 83 3C E4 57 EE 77 7D 32
      B8 AE 83 AD 90 89 91 24 08 F4 C7 05 27 B8 86 C6
      BF 14 3B BB 73 DD 38 C4 65 ED E2 C4 ED 0D 86 23
      CF 7D 3C DC 4E 4E DC 7F A4 DD 11 BA 10 DB FF 2E
      ED AE 8F 24 5B 6E 5D 88 3B 92 FC AC 21 48 71 FA
      BF 0D F5 DF BB FE 11 B4 B1 FE 97 1C DC C3 0D F6
      EB 7C 69 CD 0D F9 75 82 72 BF 3E 8C DE C8 22 2D
      17 D3 42 6E 35 50 67 30 4C FE F7 E9 44 45 1E 79
      AE F5 80 DA 88 09 CA F3 F1 88 88 F2 09 88 F2 CB
      2A CA CB F2 F2 8A F2 0A C8 88 08 8A F2 C8 F3 F3
      0A F2 88 C8 89 FC 51 F0 F7 8E C8 16 2E 1B 64 5F
      7E 61 3E 5E 5E 59 3E 19 01 45 7E 45 5E 5E 05 61
      51 5E 61 7E 79 59 01 24 60 F8 45 E4 64 14 45 FF
      F4 55 71 46 6E 3A CE D6 90 3F 7D A1 7F F5 15 FD
      AF 7D C5 E4 DC 20 60 84 8B 9B BE 8B 0B EC 4F A8
      68 DB BB 20 5C 90 87 28 38 50 4E EE 3A 34 84 81
      2C 86 50 67 64 E6 E1 CE 7A BD 96 BF AD 45 66 C1
      9E 10 1B C5 EB 6D E4 66 31 C4 A0 FF C1 06 88 8D
      A0 20 98 47 58 80 D3 4A D0 46 98 53 D0 4A 40 84
      53 94 57 44 84 13 E9 B8 08 BF 90 2D 8F A0 28 AF
      35 E8 77 7F 9B BF F9 FF 2B 98 91 2D 48 1D F0 3F
      E6 88 09 09 8B 88 88 58 89 F2 71 0A 58 F3 F1 70
      F2 F2 42 84 39 45 79 44 AD 38 AD 45 79 79 6D 6C
      45 84 05 6C 84 44 91 C7 65 A0 84 8D B5 18 02 8A
      40 EE D0 BF 22 4F 06 86 F8 5D 82 41 AF 57 56 0C
      06 BE FE D6 C1 9B D3 06 62 0B F6 80 21 37 4A 6D
      37 A8 33 42 82 FB 97 08 52 96 FB AF 6E DC 7F 53
      C6 FD 6F 71 FC A7 09 09 8E EB E2 BF 50 89 AC FC
      0B D7 10 67 24 98 DD 90 A8 45 B9 FA 89 DC CC 2E
      2F CE BF 9E 7D 39 FD 7C 72 7C F4 E9 F0 60 7F 6F
      77 67 7B 6B F3 E3 C6 87 F5 B5 D5 F7 2B CB 4B 8B
      0B F3 73 EF 66 67 A6 A7 26 27 C6 DF 8E BD 19 1D
      19 1E 1A 7C 3D D0 DF D7 DB D3 DD F5 AA F3 65 47
      FB 8B B6 D6 96 E6 A6 C6 E7 0D F5 75 CF 6A 9F D6
      54 57 55 56 94 97 95 96 14 17 15 16 E4 E7 E5 E6
      64 67 65 66 A4 A7 3D 49 4D 49 4E 4A 4C 88 8F 8B
      8D 89 8E 8A 8C 08 0F 0B 0D 09 0E 0A 7C 1C F0 C8
      DF CF D7 C7 DB CB D3 03 E1 EE E6 0A 77 71 76 82
      39 3A 40 ED ED 6C 21 36 D6 56 60 CB 87 16 E6 66
      A6 26 C6 46 86 06 0F F4 F5 74 75 B4 B5 34 35 D4
      D5 54 55 94 95 14 15 E4 E5 64 65 A4 EF 4B 49 4A
      88 8B 89 8A 08 0B 09 0A F0 F3 F1 F2 70 73 71 72
      B0 B3 B1 B2 30 33 31 32 D0 83 E8 80 B4 F7 68 A8
      A9 28 29 C8 EF 92 DD 21 25 21 26 22 24 C0 BF 7D
      0B 0F 17 07 1B 0B 13 03 1D 0D 15 C9 7D 74 17 E8
      18 B8 D7 14 F8 93 5C 0B 39 7F 4E C8 C3 93 0D D0
      0B 8A B0 07 42 7C 91 E9 CB 35 04 01 1C D7 B4 79
      9D 3D 00 50 23 42 13 2A 47 0E 08 8A 73 1A 17 62
      9E AF 74 7C 23 08 5F 57 4E DB 8C 2A DB 1D 6E 3E
      C4 7B 7D A2 FE EE 2C 6E EB 72 EC EB 4F 82 5B B8
      11 7D 45 C7 91 EA 6C E9 A3 65 9F 71 E2 54 CB A7
      AB BE 44 BF 71 68 59 AA FD 8A 87 1F F3 7A A3 E1
      22 56 B3 FA DD 7E F3 B7 DB 09 23 5B A7 2F 7E C4
      BF DD FB FA BD F3 8A 80 9C 45 44 D9 C8 DE 3B 32
      A3 A2 75 70 6E FB 1C 9B 82 55 54 C5 18 EA 13 95
      59 D9 36 34 BF 73 81 43 C9 26 A6 3A 6C F8 C7 6E
      52 00 07 2E 00 0D 20 0E 30 47 A6 3D 57 00 56 6C
      6A E5 BA 82 EE 10 6C 12 36 D2 0A 60 77 4F 04 21
      3D 19 07 61 50 90 5C 14 39 3F B1 3A 40 3A F8 75
      0C A5 9C AC C0 6A 3D 83 72 12 CB 6D 5D 0E 28 5F
      E9 48 10 81 58 03 EC 82 8F 71 28 93 43 6B B6 8F
      05 08 18 CB 14 F3 92 8A BD 20 B1 D3 2E C4 C1 D1
      E7 C0 25 DD D1 CE 57 8F 13 D3 88 B6 84 4E 97 E9
      3D 30 79 39 5C E0 F8 AE 58 99 66 70 69 F8 8B A3
      41 F8 83 A1 B4 2F B8 67 A5 BA 4D 8E F3 9A 77 F0
      D2 15 CC 9E CB 46 CD 36 F9 B5 3C 1D 78 E2 F7 69
      DD 43 45 98 E7 7D 67 A8 0B A5 14 F5 BB 4F 53 FD
      B1 44 11 1B D8 77 1A 56 BB 25 D8 4D 3B 61 BC F4
      96 6F B2 19 13 D4 F1 C4 1A B7 C3 5C D4 B2 A5 E2
      EA CA 77 67 82 7F EC 3E BA DD CE FB 60 A1 C9 B8
      B8 3F 37 FB 0B 6C E5 E5 6B 5F 9A 78 51 C1 A3 D5
      9E A8 91 52 ED 73 6F FB FE FA C7 E2 2D B0 55 C0
      4E E7 50 39 55 ED 61 16 3F E4 60 B1 CD F0 EA 47
      2C 8D BF E5 B1 C0 C0 43 97 9C 65 FF FE F0 D9 29
      2F 0E E9 BC 97 7E 0D DB 2A 24 15 CF 3A EE 17 7E
      FA FA 26 9D 56 FF DB D3 AD 7C 37 C0 0B E1 55 03
      0C DF 77 79 EE C7 0F 2C 57 01 00 01 6F E3 E0 05
      05 E5 EC B0 7A 49 6C 33 7F 78 E5 EB FC 88 D0 D4
      C8 35 04 70 BD 65 35 E8 67 2E F6 5A 38 75 E9 A0
      D5 63 AE 7B CC C5 B6 18 6E 5B 96 81 04 B5 22 F4
      C1 0C 3D 73 D6 B1 62 3F B1 19 12 4A BB 0D 4B 92
      18 85 DA A4 E3 68 B9 44 BA 53 D5 F8 76 18 52 3B
      8C 95 3E 7A E3 10 52 6C C4 1A E1 B2 5A A4 9F CA
      BC 9E 47 D5 0A A0 B0 0A 90 CC F4 61 CA 02 1F F6
      97 65 BB 94 0D 15 27 78 F4 54 6E 66 3D 40 06 51
      9E 97 EE 76 79 0A 9C EF EE 76 41 A8 45 23 B3 9B
      3A B1 F4 78 51 EC 58 C5 9D E4 90 7B 18 D0 92 3E
      D1 05 CA 52 0F A9 82 F1 D2 0C B1 23 C2 8A 58 45
      79 07 97 BC AC E1 1D 93 22 DB 66 07 FD 2C 5F F3
      33 36 BD CA 9F 82 D5 FA 2C B9 26 06 35 6D 2B D1
      C6 CF 9E E3 02 53 6B 15 44 15 38 0C C0 AE BE B3
      F5 98 39 4D 54 B0 26 AE EA 82 E7 09 59 4A 07 F2
      6F CD 63 38 6D 30 EC C5 77 7C 56 EE 9D 96 5A 4F
      63 52 1C 3A B1 E5 C5 D4 3E 78 5A D5 CE DA 7E 58
      84 E9 D2 91 DF A9 F4 A9 A2 63 25 5B 5B FA 77 C4
      91 FC 89 38 0B 00 00 F3 AA 2B 0A AE CC 41 99 30
      58 E2 76 22 72 27 6D BC A2 11 9B A7 0D 7B AA 26
      2D DA D5 A7 7E 11 DE 18 75 12 D0 BF CD 10 6C 2D
      14 32 05 DF 2C 5F 0E 78 DD 6B E3 FB 83 CB A0 EE
      8B 9F BF 31 AA 7B 20 C2 33 58 8D C8 00 12 EE 1C
      A5 8D F9 38 2E 9E 8E 2E 32 51 1E FF 5E 6A 6E 7C
      46 26 09 4A 6C DE 93 F4 C2 2C F3 D2 B2 B4 02 7F
      1C E6 92 EA B2 5A D7 E2 86 E7 4F 9A EC D1 AB 5A
      DB C2 DB 4D EB 5E 75 BD 08 7E D0 3F 90 EF 85 11
      36 3C 12 D8 A3 73 6B 7C 62 B4 23 65 F6 5D DA F2
      94 F2 D8 62 D7 DB B9 10 E2 85 F5 D2 8D 6E 13 C7
      ED 1D DF BD E5 CF EF 65 43 3F 1D 2D AD 58 C7 9C
      5F 20 4E 36 9B A2 37 46 DE DF E7 46 C1 38 5C B0
      39 02 76 39 D5 9E 08 20 EC 99 E8 5E D2 27 33 E9
      C2 AC 5D 1F B2 C5 51 89 CA 32 F0 15 00 07 E3 68
      C4 11 80 A9 BD 0D 19 62 C6 75 19 86 4D BE F7 B8
      19 14 36 93 20 C3 29 13 CC AB 0C 6C DD 0D 7F 96
      3A FB 91 3C A9 20 5F 00 50 DF 4E E7 09 5B 02 88
      B3 4C BF 6F B2 4C 3E 5F F6 89 D8 93 E9 37 C9 6C
      35 56 96 62 FA 25 B3 4F 25 CA 7F A2 B3 A7 DD 36
      2E B7 6B 03 71 EA 34 3D 35 AD B1 7D 5B AB BE 77
      E2 68 D4 EE 75 6C 10 3A 78 D7 66 F9 B6 F3 83 B8
      3B B1 89 70 C3 9C 1C 69 9E 9E A3 A0 C3 88 96 9A
      82 A2 47 B0 49 D5 8F D5 32 23 B6 2B 35 B3 B4 E6
      68 A8 B8 F6 84 92 BE DC 76 45 31 77 A4 9D 35 28
      A1 43 9A A9 AC 29 B9 1A 8B 1E 50 B3 7C B9 CF 65
      9C 2D 2E 5B 73 68 E1 5E 6A 3B 8B CD 43 AB AA E0
      B3 78 DF 25 78 08 1A 96 D4 C3 81 5A FF 3C EE 37
      AB 31 A6 86 4F 65 9A 53 A6 AB 4B B5 9E 2D A7 F4
      39 4F 6F CC 3C B3 73 91 78 71 71 07 F3 4B B0 0B
      5D 80 FF E9 D8 E7 63 C3 65 A1 F1 B5 92 B7 01 DF
      BE 28 AD 3E C6 02 91 AF 04 AA 0C DD 2D 08 61 56
      07 80 75 6F EF BE EB 31 92 35 23 2F 9F F4 07 10
      AE AD 45 2C 89 E8 F4 45 32 38 0C 76 93 28 16 64
      AC D9 D3 81 D6 AC A2 15 7C 12 03 89 F9 27 5B EF
      90 8A 76 56 24 92 4A 5E 92 07 C7 E9 A1 5F 58 49
      CA 91 5F E8 92 AB BA 7D 08 24 D7 B0 B5 95 A6 D4
      B9 87 A6 F4 24 D0 CC 13 2B 2D 02 BB E7 23 45 14
      BC 92 91 C1 08 14 A8 9A 7A 4B 22 30 3A 8C 05 A7
      CE 36 82 34 F3 82 29 E7 AA 44 D4 2E 59 A8 CD 87
      39 6F 67 B0 8D 39 5F AA F2 A2 3C 92 FE B6 2F 48
      80 97 D2 97 05 8E C7 C2 46 0F 57 1E 83 EA 16 C5
      DF 5B 1B 41 15 36 C8 92 77 4E C2 1F 2E 2C 4B 0A
      A4 54 20 FC 1D BB 84 7F 8B 5D 24 5B D2 FD C5 96
      A1 89 81 21 C1 61 84 F4 AA 1C 83 81 91 49 11 24
      FC 0E 0C F6 05 FD 89 09 E4 C2 D1 A1 F6 28 72 89
      09 40 A5 2A 75 16 19 6C D5 54 6C 83 61 6A E5 82
      DE 91 74 5E BB 2A 7F CB 93 0D 0D FA BB 1E F1 B7
      56 27 B7 DE 16 C8 F2 CF 0A F8 92 DA 8F 95 30 DC
      37 B2 59 38 65 D5 4F 53 A8 34 78 99 A5 0D C0 A5
      31 C9 16 FB E8 3B DE 3B 5D 67 F5 34 19 03 8E 56
      63 DA A8 34 23 EB 61 59 14 B9 DC 02 7F 3C 7C C7
      17 C4 BE D2 21 8D F6 E9 49 54 C1 C1 F2 AB 40 34
      FA 3B AA 5F F7 C1 7D 51 58 31 66 AB 5F 5D AD FA
      83 3D D8 8E B6 E7 4E 20 A3 C9 8C 42 87 FB 17 CF
      D7 C7 09 8D F5 EF E9 2F 9C EE 14 D2 29 3F 77 7E
      93 FA 7C AE 9F 84 AA 36 ED F6 45 B1 D3 E8 B3 27
      94 9B 1A ED 42 D0 F1 36 F3 D6 25 0D 89 7D 97 55
      EB 62 2E 3B A9 F6 D6 89 AD 71 1D 39 A0 58 EE 0B
      8F 0F 2D 41 A1 57 5C DA 2D ED 5F 3F B1 D4 A3 D1
      8E 4E 7D F7 39 DD 49 C0 2A C7 EE FD F1 6D C5 64
      86 7E 6B B0 BB F3 6A 13 BE 83 D5 17 B8 3E 31 FD
      EE F1 D7 35 AF 94 40 F4 CD 3E B2 60 9C 9F 18 BD
      78 FC DA FD AB 81 D8 DE 18 E0 50 EF 97 89 72 38
      2A 46 2C 0F 43 BE 38 0D 16 DE A6 F2 57 46 C5 A1
      E3 12 01 85 E7 64 62 03 8D 80 15 2C CA 98 1C D1
      D8 34 41 EB F3 0C F4 81 24 01 2C D8 F8 C2 9B DB
      EB F1 0C 3F E7 A8 B1 64 89 2B A9 E3 39 3B 11 E0
      04 D5 61 32 B9 14 79 2E AC 8F 5A 7A 64 06 A5 D6
      FC 73 19 A5 0A B2 4B 75 1F 93 94 75 2F 18 89 04
      BD B1 8B 52 36 73 59 4B AD 25 98 DA CA B2 E1 69
      3E 72 A6 7E C3 14 46 E9 8C 01 17 65 40 BB 83 79
      14 EC 2F 17 38 A4 05 8E 9A AD CC 16 E1 16 C6 B2
      E8 8A 63 99 65 59 C1 7C 86 1F 00 58 E4 75 B2 A9
      8F 27 8D 99 CB 1E A4 1D D1 02 F2 82 B1 77 8B 8A
      66 77 3E E6 F6 CE 5F 3D 58 0F E5 C0 1D 82 54 4B
      74 66 55 42 22 AC C6 BB CA 9B AD 06 58 6A 22 14
      1C A4 AB BA D9 84 F6 6B 05 B7 33 ED 01 42 9B 80
      D5 0A 1E 21 5C AB F0 08 CC A8 AA B8 6A 8A 7A 58
      65 A5 6C 3B 4A 39 2E C0 F4 A1 5E B8 8E 63 79 41
      57 59 81 4C 79 13 DB B1 D5 8B DD E4 2A 9B 46 F6
      AA 85 A7 75 E9 0B DF E8 3B 87 56 36 0D 5F BE 48
      A3 74 82 D5 CE 98 1E E4 2E 31 D5 1C F5 EC EB 6E
      1F F5 4A 67 1C 49 D7 7C CD 13 77 7D 29 6C 19 7A
      1C 45 45 A2 3E FE 9A 9F 8D DC 22 8B EC AE BC DB
      10 53 F6 68 31 21 5D 5C 87 ED 08 B3 70 C6 F8 30
      47 84 59 3D 1A EE 5A CE F3 5E 1E B9 8D CF 6F CB
      7C 80 13 E3 F2 F9 B1 C1 00 12 BA DB EF 87 64 EC
      36 4E A7 AC 1E 01 27 A7 05 8A 4D BB 94 8D EC 1E
      91 00 D8 3D 0E 3C 08 0D 46 18 84 DE D0 C1 24 A7
      E6 03 31 12 49 17 ED 1F 1D 01 F4 E1 A6 CA 00 43
      0F AA 3B 28 C6 84 1B DA 4F D1 30 DD 3F 9B 7B E1
      79 7D E6 24 5C 22 26 E7 FA FC 36 90 BD D3 7B 28
      54 BC 96 6F E4 96 B2 73 E2 14 BE 71 C0 45 32 AF
      A3 54 E2 5B 3C EF F8 F1 E1 CC 98 00 C2 A1 DC EC
      9F 22 D9 CC 15 2B FC 99 A5 ED 52 62 D9 0B 6D 2B
      B2 7B 0D 29 A9 7E F2 28 28 BF 41 86 F9 4F 90 DD
      FE 0B 64 02 AB AB 98 81 37 20 3B 5F 4B 2C BC 01
      59 24 10 1B 24 77 57 38 3A 35 A3 A0 57 29 91 4E
      A9 4A 7E 1B FC 5A 25 15 05 09 B2 0A E9 D7 D7 20
      AB 45 4C 6C 33 0D A7 8A 09 73 C1 77 3E DB 8D 15
      50 44 9D 72 38 90 EE C8 93 90 A5 F3 61 F8 4C 43
      65 31 A5 4B 34 C3 A0 82 74 28 74 26 2D 6E 07 26
      47 28 11 15 E0 7E 03 46 AA 6E 65 93 7A EB 21 B2
      D6 E3 E6 43 AD 2A 9B DB 96 40 87 BB 87 26 B9 28
      E1 05 07 D5 B3 95 80 17 21 38 2E 3F AA DD 5C AC
      FA 63 50 16 FD 6F F9 B0 59 C7 31 B1 3A 86 53 19
      DA F4 BF 79 F4 9C 8C 6C 3E 89 7B BB E5 9E 92 1D
      6C 7B F2 74 A7 AE F2 D3 CA 4B 7F C1 EA BD 77 52
      D6 23 87 1D 75 B6 7B 8B AD 0F 77 57 CC 23 85 94
      2A 5E 05 61 5D 89 F8 B7 B8 06 C9 A5 B0 3F 8C AF
      68 83 7D 78 58 EA 58 1E 30 79 B9 1F 3A D8 A2 75
      F5 6C FF 65 A5 0C CE 3D A7 98 AD 80 E7 FE 85 5F
      1D 9F 57 3F 7C 6B 71 FE E1 13 1A CD DB F2 87 F9
      17 3F BE 1E C9 94 F7 06 7C 5F 9B ED BD 75 7F E3
      8C 36 10 65 54 C1 32 A8 1C 85 57 8E 98 94 4D 99
      3A 44 41 02 7B CD 56 50 3B A3 9B 58 D0 C8 1B EC
      8A 76 58 B0 16 AE 3B 5F 80 1E 26 6B A9 2D 1B 79
      C0 89 FD 30 9C B9 C8 1B 9B 80 BD 53 5B 01 C4 D9
      C9 B2 1E 16 34 D3 5A 18 CA 21 D6 4D 4F C8 D5 63
      FF 3E 92 01 D7 D8 32 82 F4 70 30 D2 49 E5 A7 B2
      59 22 D3 02 F9 0C 81 E8 4A A2 32 68 E8 01 05 7D
      8A 91 ED CE 46 1A 89 F3 EA C7 24 61 5B D6 CD 64
      FA B4 4A 48 96 6E F3 10 1A A1 37 FE 71 70 82 F5
      80 71 51 9A 08 E6 5A 5F EA CF DB C7 21 B7 D1 3A
      A3 92 FD F8 F3 32 C9 D3 C3 1D 9E 94 13 F2 C0 8E
      0A 93 63 8A 30 56 CB 34 B2 44 37 F0 86 2B E7 02
      51 59 37 02 59 95 63 3D 71 ED 89 8B BE 94 AC 10
      32 A4 5E 0D 17 3D C9 11 C2 65 29 D1 CD 14 29 C8
      63 D4 CE E8 AB 0C 2F 61 63 8E 6E 75 86 82 52 5F
      8E F9 A6 D7 3D 5E 30 AA 29 A7 2B 01 56 37 DC E7
      DD DB 29 0F FE E8 53 5E 40 71 6E 52 08 9B 15 73
      A8 89 A0 A4 CE DA 06 30 78 8F 18 36 E9 CC 44 D3
      15 08 33 D1 39 62 0A 8A C8 3B E0 4F 07 2F D6 B6
      6B DC FA C6 DA 79 32 80 DB 45 7C 71 38 CB F6 EA
      87 6D 7B 55 0B 6D 43 6B 6D 77 11 5D 4E 5D AB BD
      EB CE D3 67 12 FA 03 1B 7D 26 42 56 F5 2D 7A F6
      1D BC AF F1 EE 8E CE 0F FE 74 8E AC 1F A4 BF EB
      26 87 BA B3 BC 80 36 42 8F 16 94 D4 43 33 D5 C1
      8B 89 8E 04 D9 D8 61 A7 59 E2 DB FB F9 FE 85 6F
      B0 88 CC 1B 27 72 DC 12 13 27 7F D4 73 84 02 70
      65 68 9A 26 DE 52 58 7E 99 B1 51 6D 14 7C 87 49
      C2 33 F1 CE B2 B8 51 6E 56 8E DB A9 11 07 D4 56
      DA 6C A4 97 B0 71 B6 A8 90 FB 72 72 09 71 65 D3
      83 C6 B7 06 37 F7 AC B3 7A BB 21 FC CE 13 4B D0
      7B 9A C5 C8 43 C4 2F 84 65 7C 66 7D 3A 37 F1 EE
      46 6B 58 62 BA 74 6A 48 59 C8 87 74 C7 DC E7 58
      B9 04 A9 3E 26 34 0C 84 2F B6 47 9C 02 7C DF 62
      06 D4 F9 2E 94 37 AD 76 ED D5 39 92 A1 2B 36 3E
      AF CD DC 6B A3 2A 29 DC 7F C9 FC 83 E5 B0 FB DD
      3D 97 63 2D 25 46 81 13 EC 8F 51 9E 47 BE 7C 04
      13 FB 93 DC A4 7F 76 3A AC 7F 82 90 E0 2F 10 4A
      00 0B 94 7F 81 70 50 86 88 11 07 09 42 0E F2 55
      C2 D2 EB 9D 2E 76 5B 7A B0 F8 66 A7 8B 2C C4 51
      4D A5 33 1C B6 69 FD B0 31 92 CA FF 80 89 07 FA
      79 B3 3F 87 FE 3E E9 EE 0E BF AE 7A 01 31 D1 34
      83 49 2A C6 64 94 30 07 9F D3 25 69 11 96 9C DE
      73 CA A7 59 E3 80 44 15 CB A6 4B 89 61 0F 4B AC
      4A AB CA 34 1A 6F 54 9D B9 16 28 FD 10 E3 B7 D4
      2E C2 56 D7 D7 B5 1E 6B C4 2E 2B E9 08 3B D5 A3
      ED 16 B8 4E 9B 69 D2 82 82 E3 B9 CB 7A 0E 53 B8
      90 67 AC C8 D1 00 B6 1A 85 D6 98 A3 8F 15 4A 1E
      99 A0 8B 94 99 0F A4 7F BC 88 D9 9A 51 52 D8 5E
      63 BA 92 8A C4 76 B9 CD 71 BA B3 4E 69 51 62 3A
      1D 71 10 C2 99 BD 3A F6 34 9B D8 65 36 31 80 44
      9F AD 43 F4 78 7D 80 82 3E AF D6 6C D5 69 EB 6D
      E1 DB 33 A7 26 A2 B3 4F F3 53 CE 57 F9 9A E6 85
      A8 F4 61 0C 21 04 AF 7C 24 7C 94 87 88 0E 05 52
      2D 7E F8 9E 99 2C BF B2 03 E4 78 FD F8 76 1E 15
      31 EB 77 74 DC 62 46 78 C5 88 0D 44 B0 EC 28 E5
      05 CD B6 95 AE 06 DF 3A DB 00 FA 63 E0 36 76 E1
      9F 6A 28 AF D9 44 A8 BB A2 EB DD B5 1A 0C 34 A7
      29 DB 5E 8B 70 E1 E5 0D 23 E0 3F 92 5E 0F 44 E7
      EB 2A 8C 66 67 EB 01 19 49 76 9D F7 E0 49 8E 2A
      03 C3 87 96 33 3E C4 83 69 74 D0 62 A5 FB 00 25
      89 72 64 DB B4 F1 4A B6 77 FB 93 79 2D C0 E8 D8
      5A 2B FA 45 A9 FA 06 2A 39 31 EA 7C 45 8C 20 CD
      E1 6D C6 38 F9 60 0A A6 64 89 54 A8 6D 84 19 66
      9B 6D AA 73 A7 4A 61 B2 BA 85 6B 98 BB 4E C9 CE
      54 BA C2 6E 1B 30 D3 98 EF 64 81 64 07 63 E1 A3
      5A E8 82 3D 4B A0 9A 2E 78 13 24 56 E5 1D 59 E0
      B5 CE 5A 99 D1 86 E1 1B 99 56 C1 EB 3A 88 2F 5D
      60 B2 55 00 6B BE 60 AD A8 38 B8 E2 91 23 AD 36
      76 4D AE AC C4 44 E9 4D 70 90 5D 60 4B 7A D6 53
      55 4C FA 7C 65 A1 28 99 D1 9E 47 9A D8 F3 32 BA
      9C A1 1B 97 BD FA 11 9B 6D 81 0C BE 7A C3 25 AC
      B1 4E 73 71 BD B2 51 0C A7 98 E0 A5 10 CB 83 EC
      2E 4D D6 1A D0 4A 5A 15 1B 96 B4 ED 22 EB 8B E4
      E9 11 CE 98 3E DF 74 56 92 1D 1C DE AE 86 0F F1
      22 DC 2F C7 AB D8 9D EA BF AF 53 82 9A 3F 5C 76
      D9 96 60 7E 62 A9 7E C5 00 3F 77 C6 44 51 13 E2
      79 F9 35 80 65 EF 95 AA 7F 57 2F E1 50 72 17 EC
      B6 EE 86 30 4E F7 17 B2 0E E7 64 FE 9C 8E E0 26
      40 CA B7 6A B3 95 7A 98 4B DF B9 D0 BE 1C FE AD
      AF 05 BC D0 EA 9D A5 E3 3C 29 7E 0A 05 0B B9 E7
      FE 02 7E 24 C2 1C 3C 53 6F 0F BF F3 19 E9 2C AA
      1B CF 18 3C A4 11 24 31 75 E7 54 21 24 3B 1A 2D
      8A BC E3 E6 A4 8C 8E 9A 49 63 B9 60 56 2C 9D B8
      E8 52 7E 27 6D 4E 0E 5B 3B B1 53 B9 E7 D5 8F FD
      05 AC E3 E5 96 F7 E8 E1 89 89 AB 21 76 0A 99 44
      E8 2C A1 DE CB D1 7A 98 6B 6B 51 24 F8 0F B1 88
      25 F1 7D E6 12 01 49 49 9B D9 E2 06 83 38 94 41
      F7 7C CD 38 25 EA 92 76 CA 69 31 43 51 E9 EB 9D
      7D 18 8A 9F 31 88 AF 09 8F 22 FC 16 9E 6D 35 8A
      23 9A D0 BE B4 3B B7 DD 17 94 88 C4 86 7B F8 83
      BB D9 1F B6 69 C8 1A D5 CD A2 8C 98 62 77 9D 3A
      E5 AF A0 63 CD 11 E8 3F 3A 5D F6 23 B8 A0 23 08
      E3 FE B9 B8 94 7D DF 2B 50 7E FB E9 CF CB B5 A4
      AB 4E 19 E2 78 68 CF F7 A0 FB C2 CA 28 E7 5B 04
      D9 DF 7F 7C 7E 58 B6 41 26 1D 3A FD 96 0E A3 84
      1A 40 62 2F 7D B7 22 3E C8 3C 68 55 16 15 F5 FF
      8E 69 6D C0 E0 AF EC 75 4E 86 B8 8C E4 1A D3 83
      45 38 65 37 98 66 01 0C 96 FE C2 34 EA A4 4A 6A
      E6 BD DA 1C 56 1E E9 C2 74 1E EB 49 B3 1D E0 20
      7B 8E A8 DC E1 D2 60 10 F1 78 8E 58 84 2D 7A E0
      F6 D6 44 81 2A 23 13 B0 61 68 47 2F 43 B6 B8 C1
      DF E6 0B 9B C1 53 1C 22 81 DD DD 2F EC 73 C1 04
      A1 46 0C A6 42 7A 93 CF 05 99 EB 9D F6 CE 38 8D
      30 C4 AB C6 4A 1D 0D A1 26 E9 BE 5F 9B DF 88 4D
      87 14 75 05 EF 10 E7 41 BB 18 D6 FB 42 9E 34 47
      9E 92 BB D9 64 E1 39 D7 3E 85 51 40 DF C7 DD 66
      8C 5A 19 6D 73 37 D7 88 E1 7F B1 2A F6 E2 D4 AC
      36 4F AB 3C 9E A5 5B 7B 6F B1 D6 55 C8 98 8A 4A
      D0 3E BF D5 FD F9 F2 F2 E2 C1 FE D3 C0 10 BC 77
      6F BE 35 EE 47 09 D1 A9 18 76 E6 F8 B8 BE 27 F4
      D3 CD D3 7C 79 A9 B2 DE 9F 40 70 C5 F1 22 D7 EF
      EB EE 6A EE 7D 02 BF 8A 8E 8B CF 69 53 D5 EF 42
      97 57 F5 55 0F DF F7 6A 71 3C 0E 70 B8 D5 FE B1
      FC 7D 80 DF 97 F2 7B 60 AB 35 E6 D5 40 74 29 08
      F0 11 21 AE 47 7E 30 9E 10 F9 43 F7 9F FD 0A E0
      30 32 B1 2F E8 04 DA D4 5F 80 A1 15 82 CD 6B 51
      B7 70 ED FA 89 F4 D4 E9 C2 22 C9 93 95 DF E3 34
      17 0E 16 46 27 29 4F 58 11 AB 74 60 4F 47 12 91
      59 7D 88 DB 92 99 90 8B 89 E8 E2 09 49 E0 41 11
      2D 4E 94 23 BE 98 8B 50 F6 9D 88 4E 56 2F DA 28
      61 14 50 64 2D B5 60 07 B5 45 3E 49 B0 C4 F9 E0
      CF E0 B9 03 89 7E 00 25 52 78 12 D3 58 54 40 A0
      6A 73 31 91 E6 50 AB 92 9B 04 77 DB 8A CC 14 5D
      A3 28 C8 6B 0D 33 96 63 B7 E0 E8 89 CE 7F 3C 1B
      95 5A 10 8A F9 BA B7 D0 3A FE CE 10 7D BC BA 15
      46 59 A0 50 5B 5A 2C 14 FF F2 A3 3D AD 10 D1 96
      C9 B9 24 18 9B 24 4C 62 A2 32 8D 77 F8 2A 63 AB
      A2 88 A2 12 1B 46 AB C2 A7 52 1D B1 6F 89 96 E0
      69 8B 0A 2D 79 3A 3F 8C 61 65 BC 3F DC 8B 87 96
      B8 2A 57 D7 4B 6C FA A4 BE CD B9 0A 83 51 2B 55
      BA 07 4F 59 CA 81 A8 22 2D 74 A4 B4 A2 51 F7 5B
      6E 55 CB E4 7C 51 CC 4A 30 FB 61 6B 23 99 78 98
      99 11 A9 9F 32 01 90 A5 9E AB F1 FD 0B 3C 97 8E
      A9 B1 45 A6 B2 EC 13 E9 1E 32 A9 FD C5 DA 57 57
      A8 66 91 5D E8 C5 78 7D 98 7B CD E4 D6 8D C7 27
      95 4F E9 A2 1B 2F 43 9A BF 39 AC 51 0C 7C D4 AC
      57 C0 41 9C 0D EF E3 F2 37 92 5B C1 22 78 F7 A3
      C1 00 AC A5 86 21 F6 BD 11 67 57 B7 21 75 F7 37
      FE B5 23 F4 C9 A0 16 0C AA DE FB E2 66 AE FD F1
      47 0A 99 A3 FC EF 71 4F 27 25 3B D4 0D 6B 3E 45
      67 23 06 EE A8 A1 CC CD 68 CA BC 14 CC 8E D4 F1
      09 BD 53 16 76 FB 0B 3E 99 B2 F9 E7 79 28 ED C7
      4F F4 B7 B0 37 84 E6 57 68 4A EF 66 15 AC BC 97
      1E 5F F6 DE 92 BC DB 1B 41 A8 4D B8 1A E4 A5 48
      F6 3E 6D FC 11 E1 3A CD 40 5C D9 7B 6C 99 7B A2
      9A 91 E6 E5 2A 6B B8 C6 01 3E 9B EF 74 D6 51 E4
      F3 1E D7 8A 3E 92 55 D6 7F B1 D3 2F 68 D5 25 5F
      8D E7 7C 8A 45 D9 CF E5 07 93 45 E2 FC A0 45 38
      AA 4B B9 43 ED D0 80 81 BC 46 9E 7B CF 82 08 DC
      AD FE 9A FE EA C3 27 01 C1 4F 12 4C 7D EC 8C 92
      27 32 0C 84 33 5F F2 A9 50 01 46 4B 78 16 3F 8C
      D7 FC 84 43 D1 E0 34 DA 9D F0 30 F4 C4 CE E5 FC
      F6 A3 9F D2 7B EE 98 A1 80 CF 53 2E 60 12 A2 8D
      2B E1 A0 24 EC A0 2B FC 96 FC 6F B7 13 03 97 D7
      DE A3 DC 6E E8 24 E3 38 72 1D E6 5D 45 A3 30 62
      C9 54 4F 0C 7E EA BA 8A C1 2E 4C D9 EC C4 43 67
      A6 B3 8A 25 E3 8D B6 1C C7 C3 C1 6C A6 2C FD E7
      FB 3D B4 7F 62 1E EB 2F CC 53 4B 03 92 22 6E 30
      CF 22 3F 95 79 93 4C B7 02 93 9F DE 9C 58 8D 56
      B5 7F 61 7E 0E 44 72 B3 8F A7 1E 6D 7F 1C C9 E0
      53 C0 9D 5B 1B DE 7C 93 C3 66 6E 76 02 25 61 1E
      8F 44 61 CA 35 53 3D 5D 9F 88 95 E6 E0 CD 35 39
      85 CA 93 3C AB 70 90 EC 9D A9 78 10 AF E1 EB EC
      74 B9 C6 DE 43 97 D5 17 CF B8 3B C3 86 A9 E2 F0
      AE 41 50 9C 30 A8 B0 D5 6D 6B 92 71 9D D8 C5 A2
      36 70 24 E0 07 40 A5 EA FD AB C0 5C 13 27 9B 73
      9E F5 2E 2D 76 21 CF EF 46 C7 EA AA 29 AC 86 64
      35 0D E0 85 D1 AC 6C A6 C3 17 27 8A B3 6F 0B 58
      ED EE 68 98 D8 28 4D 57 0A 5A DB 1E 44 F1 4F AB
      B7 82 5F AF 50 0E 7D DC 9E 68 7E E6 3C FC D4 AF
      65 76 A5 31 84 3D B6 20 D2 DB F5 83 7E D2 B7 53
      F4 4C 1B 7D E4 3E FE 2A F5 67 B6 AF 53 24 0B 03
      F8 8A 32 41 D2 CF DE 74 A9 FD B1 56 46 AA BF CF
      67 93 62 53 7D 2D F3 36 69 2C 39 8B B6 C7 04 0F
      9D 2F 0F CF 5C C7 17 03 BE 43 5F 2F FA 9F 62 60
      05 D2 A5 13 1A 15 04 BD A6 AB C8 73 52 D8 7E 57
      10 42 20 1B 39 F9 F8 15 CE D9 6C 18 D0 6A EE A1
      99 89 B2 6B B4 FF E9 8C 5D 7A 18 5D B4 88 95 96
      91 B2 AB 3C 81 F6 79 5F A1 D7 17 C9 1E AB 18 AE
      9E BB 98 A4 FC 63 AB 72 71 42 CB 91 F4 60 F1 93
      0C B0 6D F9 68 2B 1A BB D0 2D 68 71 A8 88 6F 44
      49 B2 64 99 C1 7A AC 4B 07 4A 69 AA 82 AE 31 44
      C0 D0 AA 8D 21 56 47 E4 22 FC EE 16 8C 98 31 69
      31 CA 18 92 69 6B CB 12 9F 62 EB ED B3 96 AD 57
      A6 BC 19 E8 41 36 C7 90 6E 1E 3E 68 97 11 30 99
      C9 08 33 1B 1C 94 4B 7F 9A 21 B7 C4 6E 4C 4D 69
      57 14 C8 85 9B 1D 5B 83 18 8A 66 FA 10 F5 CE 92
      21 0D D5 D6 46 A0 82 AD AA 92 D1 98 BA 10 23 FB
      B3 FF D5 74 3F 93 89 C4 7A E4 1D 93 D4 E1 99 CA
      4A DB 17 6C D5 92 36 F5 59 E4 CC E0 20 47 3A F5
      23 20 43 4E D9 B0 4F C9 B3 6A A1 28 95 7A 2B 88
      AC 23 29 15 AC BE 87 74 F4 90 6D 26 A3 E2 8C 72
      DB DD 00 3D 26 D9 CF CC E6 B8 07 57 75 74 EE 80
      A2 C3 B3 A8 AA AC 0D 5F 89 83 3C 7D 9A 4D A5 56
      4A E4 C2 D9 77 0D 53 E2 53 F2 47 2B 94 62 46 30
      02 BC 87 2F 75 BA E7 9C BF 1A 2E 0E 0F C7 F8 40
      B5 5B A3 53 53 D7 47 AA 99 27 42 E9 46 14 F3 AD
      1A 8C F1 B0 C6 85 9E 5F 44 F4 C3 5D C2 08 89 E3
      90 B6 C3 BA DA F8 54 11 D4 BE 17 6C 5E BC 34 83
      5C 72 7E B6 6D 6A 1D 3C 61 C4 83 B6 D9 72 B7 F9
      7D 3B 9E 33 D2 79 81 9E BD 45 AF CE 09 99 60 A5
      A5 1B 6B D1 E8 9E 39 9D A2 4F A9 71 23 90 3D B3
      14 BC AB 1F 87 B9 6B 8F 22 FE C6 E3 5D ED AD CB
      26 52 E3 EF 82 07 B3 8E 5E E6 87 EF 54 A7 3C 85
      96 B9 B3 AF EC 62 87 B5 43 83 32 8C 10 EF 1E 95
      19 79 F5 4A 9E EB 86 51 AD 4B 83 61 C2 94 2D 4B
      A1 53 2F 71 14 13 9F BF 14 F9 10 60 20 8B 2E 93
      49 1B 70 CF 89 EE AE 95 F6 76 51 82 A6 6F EB B3
      B9 08 DF 5D EB 07 2B 6D F8 38 2F 7F 16 ED 06 08
      D5 27 1E B4 18 86 9F 31 92 4B 33 B0 ED 1F 3F D5
      5C 26 24 BE AD D5 F1 69 9A 35 B8 4B 7E F8 6B 67
      AA F5 32 B8 27 48 71 42 ED 61 26 11 08 F2 4C 72
      67 2C 61 E3 C7 57 0D E3 57 93 E7 94 D1 98 7D 68
      7C 85 F9 01 49 28 80 8F 3F BF 35 67 3C 9E FE DE
      EA F7 F3 CE CF E2 FB C4 57 3F 47 AC A3 7F 8C F6
      DC 1F DE 97 06 20 88 B0 CD 06 95 70 70 18 E0 40
      BC D4 15 00 AD 48 20 F6 CA 21 21 29 47 24 46 E1
      54 D7 2D 87 23 85 8C D6 20 2C 2D E1 22 45 42 CB
      50 06 01 2D 06 CD C0 9E 90 39 3C 01 3A 18 9D AC
      85 48 A6 E2 60 9D E7 0B E3 B5 DB AE F6 19 E4 87
      89 11 59 D2 A1 A8 C4 01 15 89 6B DB 89 91 0A DF
      A9 89 EF BA F5 30 72 31 00 FF 3D 35 30 FF 1F A9
      81 B4 F4 C4 2F 9A 30 DA B8 C5 76 EB 3A 35 D8 5E
      23 AE BA 49 0D 8C 0A C6 5B 7F 7D B1 D5 67 F0 2C
      9D 45 AE 36 C7 C7 B2 9B 29 43 84 7B D2 8C 15 A0
      53 9E C3 E2 71 48 EA 53 3C A9 52 C0 1B E1 10 0B
      D8 61 99 2C 51 55 B9 77 B2 71 0A 1D AE C0 33 37
      AA 72 F0 98 61 CB 34 BA 8D 59 70 FA 9C C3 B0 C4
      B2 17 57 BD AE B7 68 FE B9 4C 61 D5 1D 7B D0 94
      69 AB D6 94 22 06 0F 6B D6 FB 76 EF 0F BB 34 B8
      7D 1F 1F 76 99 BF 0C B8 3D B2 36 09 EE 0B BA C3
      6D 10 5D 80 33 F3 3A 91 A4 9C 4A 82 2F 72 62 24
      83 FF F5 93 51 9F 1D F6 F1 42 85 04 03 33 93 22
      14 39 3B AB 62 4D 1A 1F 84 63 24 27 E4 6D D9 A3
      E9 27 9B 8B 38 E2 BB 2B 6F BE 7D DC E9 EB EA 17
      6A 10 CC 69 B5 7F 5D AD E2 C8 B1 B0 A4 E7 31 33
      5E 5C BE 28 31 C1 F4 79 6F EC D8 F6 EA 5D 5E 87
      5D E9 A7 D5 DE 7C 1A 5A 1A EF 18 F5 ED A9 BB 5B
      C3 16 27 9E 87 DD B4 FD E9 F7 5F 39 3C FA 76 4E
      61 B3 E2 F3 ED B8 3C CB D5 19 C5 FB BD A5 09 11
      92 26 B0 7E 7A BD F7 84 DE E6 89 BA A6 09 F3 60
      5C 21 7A 12 D3 34 CB 8C C2 F0 4C 15 11 B0 32 15
      0C B4 1E CD 90 D6 8F 41 6A 04 80 AC 07 FB B7 59
      D1 C7 D0 57 7D 0D 13 D1 55 76 C5 7D 44 E6 31 17
      1B C1 B6 12 69 1D 5F 18 E5 AA 9A 20 35 7D 64 AD
      C9 8F 3F 4F 4E AE 78 AF 12 4C 26 29 24 8B 43 A0
      27 11 A5 97 2A 6F 00 2D F5 D8 49 42 53 48 D8 CC
      00 E3 A7 5B 14 A1 6F A6 5A 53 B6 D2 67 D5 64 04
      E1 93 C3 86 C9 37 42 FD AD 8E A2 33 94 0D EC 14
      D2 E0 D4 75 A3 71 92 88 CA F2 44 DD 9F 14 CC DE
      46 36 99 65 14 DB 61 49 CC A9 7E 27 A2 36 19 09
      42 58 03 99 4A 25 43 C3 50 9B E0 A0 A1 52 99 97
      3E 38 4F 72 77 3D 37 45 3D B8 AE 48 B2 19 33 ED
      65 21 77 2B 5E 64 56 96 E5 34 3B 98 93 EB C2 C1
      E1 35 2F BF 2F 60 90 25 76 F4 28 D4 D2 56 EE B2
      67 26 59 35 DC 51 B7 B3 EF C1 60 30 10 69 90 BB
      1D 3D F0 E0 7D 59 76 CF 05 AC 24 BF D0 96 93 54
      B5 A6 4E 9E C0 49 68 0F E7 D9 6A F4 DE 5E 8C A5
      FF 74 14 79 4D 56 96 3C A6 D4 E9 DC 21 DB 7E 10
      D5 61 D5 5B 5F DD 31 A2 AC 0C 08 DB DD 49 A6 AC
      8F AF 50 F0 38 E2 3A 82 64 A9 F6 C1 F5 74 54 61
      B7 F5 24 24 4C FA 50 F5 CC 5C 05 26 D2 78 D9 AB
      B5 39 EA 6B 5F AF 74 E2 3D 13 20 21 91 38 EC A7
      33 19 39 22 F9 61 CB 8A 41 41 DB FE BD 61 F0 8E
      D2 70 1F 1E 37 8C 38 BC 41 07 96 18 3A A6 F8 E5
      3B DF A8 34 D6 0B 18 BE 0A C3 65 24 3D 7F C5 A2
      5C 82 19 BC 94 9C 69 42 82 C6 BD 1B 53 AD BE 89
      54 DE F1 E0 13 64 62 9E D1 73 FA FB CB 0A F7 94
      9F 42 4E 0F 9A 62 65 39 3F 0F 06 0C 5D 3D 75 4F
      00 4F CF C6 2C 13 F7 D6 08 CF 07 D8 51 14 DB F6
      5F 9A B5 AE C1 47 D2 5B EF 58 63 4B C5 3F F4 91
      C3 17 7A FF F8 E2 47 D8 47 48 94 D3 39 C3 5D D8
      98 8F 40 BE E7 23 CB ED 22 35 EB 21 39 AC 8C 80
      CB DD 1A 3B A9 78 22 F4 21 A9 76 FB 8C C5 95 51
      7A 4C D2 12 BF 98 8E FB FD D5 EC 21 B7 B5 BE 1B
      37 F1 FB FA C9 0E 73 BF A7 B2 E8 D0 2D 0A 94 9D
      48 A9 5C 09 92 05 11 E8 9C 2D 8A 7F C9 F0 FC 2A
      49 4B 74 BE E6 CE 6D CC 00 50 0F 0D B8 8C 2D D7
      C3 C1 A5 EC 6E 41 9E 32 0F 80 C9 3F 26 F1 3A 71
      19 50 C8 71 AE 2E DF 3D B9 78 6A 13 88 2E 3F 4C
      47 CC 43 82 EE 40 10 A0 8C B2 AA 49 8D 2D F3 8C
      02 CE 42 5A 03 D4 A4 5C 0B AC B0 D1 0E C9 4E 94
      36 92 9A CB 4F 9F 5B C7 74 A7 03 3F BE A5 13 D8
      D6 57 FB 98 0E 51 28 AD AF 4C 45 37 08 07 0A 74
      A8 D1 99 78 F7 52 24 6F DF B9 B7 0D 3E 94 04 22
      64 E9 70 DF 4A 8B 0B AC 13 8D A0 8B 33 E2 13 49
      84 C0 D7 65 88 99 2A F6 54 26 80 FA D3 2B 8C C9
      F4 7D 1C 26 76 D8 86 7D 79 30 D2 A0 40 9E 68 22
      12 6A 9E 0F B2 9A A5 8A 91 E8 E8 BF 19 05 E5 9F
      89 07 DA 5F 8C 72 CB 32 90 38 FC 86 51 B0 6D 9E
      88 E3 5F 33 4A 64 F7 93 F6 1B 46 51 B6 4C 6E B8
      61 94 8A E2 F4 E7 37 8C 42 D1 15 C2 94 C1 F2 D4
      38 45 C5 BD A4 C8 96 D9 75 60 5F 54 57 B9 BC 40
      36 82 F8 CD 20 80 04 C9 28 E9 B2 A4 96 2C B9 8D
      E5 DA 5E AA 61 DE BD 53 33 CF 8C DC 2F D7 DB 9A
      2C 43 0D 2D 7B A3 67 54 9A 6B BA 14 2B 26 AB CC
      17 3D 1D B1 4D A5 3F 8E CD EC 54 9B 2C 97 26 9F
      E0 CE 66 7B D4 2C 02 C4 CD F0 99 CC E6 EA 96 55
      2B C9 F8 9D BF 1B 32 32 56 27 31 6A 59 EC 65 6C
      86 44 67 F0 3B AE 8C B4 B8 7C 8C A5 E6 78 6A 42
      E3 2B B0 D3 59 66 C7 96 41 9A EE E1 F8 2E 0E 9C
      1F 2E C2 90 75 B0 D8 FA 72 73 25 B7 8E BE 6A E1
      95 6B 2F 02 92 F4 DC 39 49 C3 97 46 09 5F C2 DB
      6C AB 27 34 73 5C 79 63 14 B1 3B C3 CC 7F F5 3A
      EF 51 BB 7C F6 E4 2B E6 BB 4F FD 25 7C 3E E3 E1
      91 53 A6 5B FC F0 FD C8 BD 9C 1E 6E 9E C7 BE 71
      79 B6 7C 97 D4 FA F2 20 3D D7 13 57 50 81 36 10
      25 9C 79 C5 03 F3 1E 76 BE 4C DC 79 33 30 04 55
      F3 4C 3F E8 BB 8A B7 36 DE A8 79 24 38 FC BC AD
      17 1C 71 A0 6E 44 C2 90 1B 29 02 8A A2 DC C4 A2
      8B FE 81 B3 D1 85 9F D7 B8 BD 1E 83 3F E0 BD 1E
      24 F8 A2 20 2A 5E FE 70 0E E8 17 52 09 D2 24 37
      FA 81 5D 82 03 D0 D6 55 14 50 A0 F4 61 48 36 4C
      02 DF 22 D5 AE 4B 49 4D 21 C6 37 2E 7D 62 88 3F
      8B 27 6E A6 39 11 92 2E 1B 34 AF 19 9D A6 2E CA
      94 C9 10 4E 87 9F 9E 4D DD 8D 96 2D D2 86 13 8F
      53 AB 2D CA 9C F0 35 CA D5 8E 74 A4 AB 3E 96 D4
      31 60 9E 3A CE 05 95 6D BB 20 D4 B6 8C 31 7D 3B
      E3 C3 80 44 DE B6 71 7C 71 62 E7 85 5D 41 AA 41
      16 2E F3 47 38 14 83 36 1A 77 97 B5 A2 30 FE CA
      C4 A1 D4 D3 2D 93 85 3A 27 67 61 88 FC 59 F3 05
      4B 62 D1 B0 98 63 48 3A 08 37 42 F4 B3 BF A1 22
      63 AC 2D 8A 63 45 32 7E FB 4A EE 88 BD C9 88 6B
      5E A4 EB 40 AA E5 FE 78 85 51 80 22 FB 53 27 D5
      60 94 D7 4D D0 1C 5F 4C F2 2C C4 B1 42 8B 9F 14
      1E 87 C8 69 B4 9A 9D DB 43 E5 42 4E 4A 9E A7 0D
      5C 4C 46 F6 DD A1 B7 DF 6F 92 72 55 7E 5D C7 53
      A8 DD 2F 74 53 BC 1B 7F 5E 27 8F AF 74 34 94 1E
      F0 79 36 06 DE B3 B1 EB 38 AC 76 97 4B BC 97 58
      10 7E C1 DA FA CA 16 C6 FD DA E0 A3 78 B8 65 7B
      27 1E 77 BA 79 6D 98 6B DD A9 EE 73 BE 11 AE 98
      CD 3A 46 23 89 09 39 82 08 93 9A 14 3F 0A BD 62
      77 C6 0F 3F 67 3F 3B B8 F9 AE 2B E3 93 4E 8D 6E
      04 28 33 BF 7C 5E 59 D9 3A AA 12 7F 15 0C 0E BB
      2D E0 5E 19 FE 86 75 2B E7 F3 6C D9 E6 B7 50 62
      6E 7B DD A1 76 ED 2E 8D E7 BC 10 38 A6 A2 98 0A
      FB D5 53 FC 45 88 50 CA 27 3C 55 EF AC B0 3E 6E
      EA EE 8F 77 1D 45 B0 8C DF EF 76 A0 79 67 5E B0
      59 08 AF CB 7B F9 34 BB 0F AF 62 B4 6D A8 3F A7
      CE 5A 8C A8 AA DC 65 69 13 A5 76 DC 48 79 A8 E2
      3B BF 1E 99 94 E6 FE 41 E0 B3 28 32 19 C1 FF 96
      EC 53 3A F6 F5 E0 29 5E 05 C3 9B 7D E9 B9 0C 3E
      9F E5 78 BF 43 E9 B6 38 AF 0F CF 18 9F 49 30 60
      84 8E 35 D9 43 C8 8B 55 A3 26 DF 1F AA 28 CF 3E
      7C 2B A9 BA 2C 57 3B 8A 8F 1E C6 2D F5 D5 50 21
      A3 9E 01 B3 92 56 E4 9B 74 DB FD 4F 5F B1 86 EE
      BF 72 FB 18 E1 1B 20 7B B9 48 0B 7E 61 F7 4A F8
      25 2A 0A 2E 0E 30 16 33 83 0A A8 80 86 41 58 DF
      7F 39 A0 94 A7 28 01 04 11 E7 58 C6 0E BA 47 C5
      DA 68 07 32 16 99 63 0B 9C C8 10 86 D7 09 44 12
      AA E0 68 B4 CA E4 22 E0 0C EC 66 AB 38 AF 5D 43
      9E F4 69 87 53 09 A0 6B 38 47 F6 B6 59 06 A3 48
      AE 81 13 02 99 E4 7A 4B B1 5D 23 C1 AC A1 80 12
      37 79 0E A2 6D 74 08 14 14 10 BD 4D C6 BA AE 48
      14 41 14 79 47 B0 18 87 C0 46 27 86 43 7F 40 24
      F8 A8 3F 08 46 C4 91 02 94 A6 78 83 2D AB E6 6F
      19 B7 B3 F8 90 3B 16 F0 3A D8 1B 4B 31 A1 C2 FA
      FB EE 29 A1 E4 82 8E B4 F5 A9 F5 CF 43 39 1C 74
      5C B7 04 4D 7A 4D 9A 4F 83 94 40 B3 A3 44 6C B0
      0D 03 00 30 84 7E 89 17 FC 44 1D 78 C9 47 41 AB
      29 FB AF 34 07 F5 9F A4 84 F1 B7 7F 3B 14 58 92
      FC 4A 73 5A 7B 69 04 48 91 A4 24 40 1E 47 D5 18
      43 25 A7 19 DA A8 B9 A8 94 08 D2 03 A1 17 C1 32
      86 52 C8 1F 0C 93 9E 77 93 75 64 DF 03 8F E9 1B
      AF EA B4 7B 89 B8 07 20 EA F5 36 0A 6C 77 03 31
      25 E7 39 6D 27 A2 98 D9 74 D8 2B A7 4B C7 CB B4
      98 D9 4E 04 9F EC EA 96 C9 3F E7 22 6D C0 CD 99
      AF 7D F0 6C 18 8F FD 0C 88 A6 F1 6A BD 48 A3 3A
      CD 69 31 08 1F B7 ED 9B 8F 67 ED 83 B2 E5 D9 15
      46 6F EB 25 C1 CE 47 29 01 18 30 43 18 40 FD 38
      94 26 6D EF 2B B7 65 B7 17 11 6B 8C 44 A6 1B A4
      E9 84 C7 CE 83 28 8E DD AE 2F 6A C7 C2 99 83 A4
      8B C9 71 46 5D 4D F1 C7 85 9B FD 2C 2B 81 60 08
      67 BB BB C3 4C 3F 6A 84 62 B8 5F 71 14 BF 9F 4F
      7E 19 92 F8 8E A3 B0 81 A2 6A F7 DA 85 DD FB D3
      72 AB D1 1B 1C C4 3C F6 DE 55 3E B9 7A 04 15 9F
      FF 1C 46 CD E6 73 85 BF F2 59 4D 8B 4C 86 5E CD
      36 A0 38 48 29 FB DD F3 87 3F A9 EE F9 5F 7C 9E
      49 9F 20 7C B9 DD 42 FB 38 FF 87 E1 BD 47 5B 77
      F4 53 F8 2E 28 2A A8 83 9F B0 B6 5A 86 A0 12 15
      0C 3A 13 A9 1A D1 84 05 18 93 2F C1 4F 21 21 74
      44 B9 D2 15 45 11 B4 63 B3 B4 9A A0 64 A3 75 1F
      66 1B D0 9B 38 F6 86 B9 95 18 DE 61 7B 2B D9 B0
      92 60 EB 78 B1 70 C3 42 7E 3C DB CF C5 32 61 82
      BD 6B 89 0A BE 4C 8C 9E 5C 5F C8 0B 92 E9 44 BC
      A3 52 CC 64 29 18 23 2D 8C 21 90 A8 A9 B9 30 6C
      36 73 DF 8B D2 18 3D 2E C1 B2 64 B5 1E CB 98 44
      68 55 1B 13 C4 E6 08 84 69 EE A2 A9 67 0B 48 1E
      37 2E CF F5 AA EA 8E E7 5D 4F EC 65 4E EE 31 C7
      B1 C3 76 C7 15 63 49 E2 34 B8 D4 A3 DA 88 44 53
      20 50 62 71 30 CE 87 E4 D1 ED 94 A4 DE F3 CE 60
      8B CC E3 D7 22 CD 0D C0 60 83 16 27 5F 5D 42 F2
      B2 66 7B 5E 57 3D 0D A0 CC 4F 08 D8 45 75 AC 09
      CD 72 B0 7F 3A B2 34 8C 59 9D 97 FC B5 8A B9 0B
      73 E4 5E 59 96 2A 6A A4 E8 69 C9 F3 81 FA 36 B6
      76 F6 CC 97 97 C3 B0 E7 A5 01 11 55 22 5B 73 C3
      AF A3 73 80 D9 E6 B1 F0 33 5C D6 D6 B5 1E 21 0E
      D2 66 AE CF 1A 94 E7 16 E2 D1 2F 0C EB 17 6B 5B
      8E 76 07 F1 48 3F 93 C6 10 84 56 C3 83 99 A8 20
      47 EC A9 91 57 BB C4 23 ED 0D 0D 46 E1 22 36 D8
      D2 6F 25 4B 33 92 55 B9 21 91 28 03 E4 36 22 FE
      C9 61 4B AA 12 C7 2D 77 D4 44 30 07 76 A8 15 87
      C5 A0 05 7C 8A 8C 60 F8 31 3A C1 7C 5E 87 53 1F
      7B CB FE DA 88 E3 38 0C 57 C8 75 E6 96 22 99 E0
      C6 51 30 E9 D0 E5 BE 7D 4B 3D 3A E7 69 E8 0C A1
      E4 67 EE 77 6E C6 E1 04 A2 A7 C0 78 5E 1D AC 32
      E0 F8 03 3D 7F 41 0F EE AF 27 43 1A F9 25 EB 38
      43 8C B4 BC 9E 45 0E B9 71 CD 0B 8E 22 57 EC 5C
      03 CA B4 07 B1 4B 60 23 D7 D0 65 EB 74 CE 84 15
      E9 CF 07 C2 8B 81 04 B5 03 6C F6 05 45 FD 78 2A
      CA 41 15 BC 55 66 03 22 33 6F 45 7E 7A C3 9C BC
      DE A8 0C E6 59 D2 9D 2D 0F 7C EF 68 15 64 AD CE
      F1 14 70 BC 72 EA BF A5 12 C9 3B F6 26 7E 75 4C
      8C B2 F9 47 C4 19 7F E1 94 85 9F 07 B7 35 97 02
      41 26 02 1C 32 95 E5 1E 3F 1B 59 58 4A EE 37 D3
      17 73 EF 53 04 B7 D2 7D B9 29 2D 66 67 5C 9F BC
      10 77 C9 B3 85 B7 C3 2F 44 24 D5 79 3D 45 BB EC
      DE 6D AF 76 58 E5 3F A2 78 9D 7D 76 B2 F9 4A 58
      78 C9 79 8B 3E 8F 45 36 B1 A8 D3 89 1B 7E F9 81
      B6 E8 0C 9D BA 6B 9F 31 10 55 FD 61 EA 19 B3 D4
      15 86 AD 6F 6F 8C 25 8A 12 73 F6 8F EE 4F 0A 86
      49 B7 F4 F8 2A 62 D4 48 2D 43 B0 60 49 85 83 AB
      D9 98 27 A5 01 0D D5 94 6C 98 C1 3D A4 C1 51 AA
      DC 85 B7 6E B5 37 C5 2B 12 96 84 7B F1 4D 3E BC
      02 A5 30 54 81 51 51 30 50 AC 08 65 58 F8 77 0F
      E0 77 34 2F 0A 6F 9B CE 31 B5 0A 4E 44 D5 EF 81
      65 53 5B FB DA 08 89 A4 97 26 D1 01 A4 3D 0A 7A
      3A 49 6C 0F D1 AD A3 26 27 50 22 53 27 62 F5 5E
      14 51 CE E8 60 E3 C9 6F C4 19 59 93 60 A7 D8 44
      01 D4 D1 13 D2 88 41 17 94 61 B1 B6 4B D2 F4 1F
      32 8A EE 99 B2 DC 5F D3 2E C6 C1 99 53 06 B5 57
      BC EE E7 E9 BF 73 8B 70 88 81 15 2A E3 43 AE CB
      98 BD C1 80 1F C6 87 83 35 C8 90 5A F4 5D 95 91
      AC 8E 44 BF A7 3E FA 71 12 26 51 DE FA B0 61 F0
      11 91 55 25 E4 1E 06 14 8F A0 51 21 3D 08 96 C2
      81 85 36 4A F3 26 8C 38 84 48 99 D7 C5 3B 9C 80
      41 2F 33 95 7A 93 BF B0 4D 5E 59 5D 2F BA 39 56
      8D FF 59 D4 1B 43 55 6B AC 25 F5 F5 74 86 C2 40
      78 F4 54 6C 9E 77 A4 E8 DB B6 7C 97 DA CF 40 8C
      85 B7 4C 2B 51 89 DE 6C CC 94 4C 05 76 92 95 1F
      28 35 1F 1D BA 73 3F 3B 2A BE FF 35 EA 6D 50 32
      11 51 92 80 BD EC 70 A5 76 D8 EF 1C 8E F4 BF E5
      70 81 40 92 E8 5F 5F 18 2B 53 D5 DE E4 70 F6 56
      0F 78 2C AF 7F 89 B5 5F 7D C0 91 08 E4 8D 37 8B
      82 63 89 E8 D0 EA 54 D9 A8 F0 03 C2 5D DF 5A 0E
      F4 79 38 DA 6A 24 A1 33 30 8E 54 92 40 DE E6 D3
      C7 9D 8B A9 20 B6 9E 16 2B F3 FB 1E 95 54 3B E8
      95 6B 17 2B 96 E8 C3 B2 66 AA 15 A1 17 D3 D1 F0
      44 FE 67 F6 99 64 1F 2F 10 1C C6 C1 78 30 DE 91
      34 03 CE D9 66 17 02 CD 60 E1 74 67 F3 3A 58 FF
      26 23 4B C9 FC 78 E7 E3 77 98 64 12 22 C1 EC 3E
      83 F8 DF 7E E0 9E B3 72 0E B8 64 07 86 70 F8 34
      2C B7 A7 2F CF C2 EA AB A8 B6 C6 A2 64 22 66 C5
      80 24 2D B5 E5 3A 8F F1 1D 7D D2 B6 93 22 D7 65
      42 68 16 3F C3 16 9E C3 AE 10 BC 9A 8B 8E 2B 49
      90 2B 0B EA EF 9E 03 86 FE 09 F4 86 9D 1D 9E EE
      69 11 4B 0A E9 CE 62 A2 EB 2F 0E D9 1E 5E 75 4A
      F1 2D B4 1F 2C BD 7C EC 12 3D 0C 3A 5A 6D C8 61
      D6 07 42 3F 5F 80 07 BC B4 1E BE B5 58 F6 3B E7
      B4 47 0F E5 DB AB 70 A7 0D D8 A9 4C 37 F1 BB 1A
      22 7E 2F 4F 9E 23 F3 26 14 B3 A8 FC A1 4B 6A 65
      BF 65 08 8A 73 29 55 D8 1D 90 37 5D 38 5E E7 D4
      6A 08 DE ED A4 61 6E 8E 60 FB B5 80 4A A2 A6 42
      8F A3 C2 C8 44 AC 27 66 53 45 31 DC 9E 5B A6 51
      A3 33 F6 D6 32 18 EA 56 D1 F1 E2 64 E4 56 01 3C
      3F E7 1E 26 E2 8B CD 81 65 E4 0B 88 09 92 55 B8
      86 4A 82 BF 9B 0B 7E F0 96 D5 64 D5 36 9B 33 8B
      62 14 91 88 9E 2B 49 11 7B C4 5A 92 8A 86 33 8E
      1E 04 C9 8B 2A 4B C6 8A 57 B6 8A 75 EE 9C 5F BB
      FD 81 DA 58 23 D7 73 BD 72 33 6B A8 42 67 8C C5
      F2 0B C5 47 AE F6 46 42 14 A6 43 6C 55 FB 42 13
      26 16 63 CA 8D 23 AB 58 B6 7C D1 4B 16 E8 13 13
      07 DB B4 CC 5D 9F 39 E6 2A 6F DF 50 D2 82 DA 2B
      46 B6 92 A4 33 AB DD D2 8A AA 5D 6B BE 92 44 24
      EB 6E FB A3 61 D4 C4 E1 CB 7D 28 6E 5A 89 86 56
      4D B1 EE B2 4A 06 62 AB D5 D4 0C 04 47 71 B0 94
      B0 65 3B 26 24 BA 5E C2 38 27 D8 F8 61 35 E2 6F
      70 A1 CD 21 79 2F 0E 0A 97 EB 76 59 99 82 42 BF
      A9 50 7D 60 B3 E5 6A 36 70 68 AF 45 14 7F 8F C6
      6F 0C 5C 8A BA 4D F9 45 CC 83 FB 45 2B 6E 4E 55
      4B B9 B4 A9 9A 88 77 59 92 6A B7 22 4D 8E 4B 0F
      AE CB 85 89 E8 C0 38 1A 17 2F 89 58 48 38 5F 59
      63 21 66 3F CC C9 9B 93 85 83 BE 03 96 F7 AC 10
      7C 8B 6A 62 16 0D 8F 75 A6 26 08 97 39 0F DE 83
      39 AC 55 D9 C1 D7 B9 53 95 ED EA FB A3 CC 4A CB
      66 71 A3 28 6E 0C A2 7F 12 76 E7 59 72 36 9F B0
      CB E4 C2 49 3F 77 EF 2D 8D 57 F9 22 1A C3 73 D6
      CF 64 30 EF EA CD A1 87 CD C8 58 4B 9E CE 2A 78
      3D B5 9D D4 A0 E5 77 C9 75 98 3E EA 21 1A 38 BA
      EA 11 E2 BC D5 49 13 3D F2 ED C4 71 94 F2 75 97
      DB 73 56 F1 E2 A0 E1 BA BC 4B 0D D3 55 17 12 0B
      6F 43 15 2F 43 21 E6 27 36 74 61 A4 49 57 1A 17
      E3 69 B4 4F ED 36 CF 4B 0B C5 CA 51 A3 48 44 29
      52 DA CD 2F D8 14 B3 2D 6E 79 A9 5C 35 5C B2 49
      59 F7 78 6D EC 27 12 B7 AF 86 4C 71 09 B7 FF B0
      5A 0B 21 96 7A AE 13 4E 36 82 C6 8D 05 2F 76 A4
      19 FE 12 38 9B B7 79 70 F7 2C 3B 94 A0 37 18 45
      91 80 7B 14 10 56 0E DB 40 35 61 EB 27 CC FF 71
      DC 0E 9A FA 74 31 70 CE A3 70 51 A0 56 BB C0 1F
      DE E6 F2 FD 23 FD EE DD A3 F8 F1 90 CE 24 6B FC
      F5 B6 5B 12 3D 1F EE 9F F7 6B 05 76 7D 50 10 1D
      2F 90 EA 9F DE A4 78 97 88 75 1C BD D5 05 50 4C
      A4 89 55 5D F5 B6 48 11 4C 33 27 F0 BB 42 B3 F4
      02 6E B7 E8 DA 6C 73 41 E7 81 58 0F B6 E9 85 3A
      D8 F1 79 71 47 C0 AA F6 3D 24 26 C1 00 D6 A5 BC
      B2 AB 75 69 7C 41 ED D7 AC E2 1B 60 82 DC E3 44
      40 49 71 88 9F 2F 58 FD D2 8D 63 AF 9E 83 2C 0C
      38 48 02 1D 2C A5 E6 7B 1A 6D 80 08 93 31 E8 EB
      A7 17 62 8C 9A 35 C9 14 97 97 53 5C 84 0E C7 DA
      A3 D3 97 20 0A 23 43 1B 27 B4 F7 A3 41 7A 15 DE
      45 2C F3 56 74 5E 36 06 DF 5F 9C F6 4B 0D F7 50
      0A 07 2A 03 5F 86 57 54 91 EA 0A 1E 75 AF A3 81
      1A 94 9D 3D 74 84 98 C5 D0 F0 98 74 87 24 2C 74
      A3 65 4E C2 08 05 26 6F D1 75 26 25 92 35 AA 73
      DC A3 4B D6 5D D7 B1 F6 AD 19 83 48 C8 44 26 B5
      EA 26 D6 D7 C4 F3 60 76 27 9B F2 B9 25 C2 64 AD
      18 1C D6 D5 D4 7A 5C 39 27 8E BA B4 A2 77 86 AC
      03 36 28 E5 22 71 F9 B5 A2 86 13 A4 8B 00 26 99
      65 B5 55 F3 51 04 1D 0A D9 71 DF 55 C5 03 79 C8
      E1 A8 9F B9 B3 81 5D 96 39 E7 23 EE 45 10 6A 72
      A3 72 E9 51 9F 21 D7 61 77 E0 69 EA 1B F6 C3 CA
      07 0A D6 9E 65 77 A9 57 ED EE 67 B7 55 C9 61 37
      02 27 8F 98 F9 78 82 02 43 40 A9 05 15 F6 45 72
      58 59 05 8E 40 AB 22 2C 15 16 0E 7E 14 40 AC ED
      A9 76 35 76 90 12 51 D1 C4 BB C6 5E 42 FA 26 EB
      00 81 24 DD 30 42 96 12 CE 07 83 6C 0D E4 7A 61
      02 8D 65 B8 38 D8 BF 13 53 72 00 87 02 40 12 F9
      66 06 00 30 AE 80 4C F1 0C 67 39 5A 95 B5 B0 BD
      CE CD D4 02 B8 D3 FB F4 E2 4F 3B 07 57 20 3C 88
      32 E9 A8 66 57 09 DE 83 1A 81 84 61 7B F8 D7 1A
      D9 52 A1 B2 99 21 49 5F BF B9 74 F5 F6 1F 59 BD
      6A C5 2D A6 02 ED 28 A8 8D 0E 35 4C AF DE 04 06
      DD 4B 4A 4C D8 F6 70 F6 C2 F6 0B C3 B4 04 07 06
      79 7A 87 C7 BB 45 C7 C4 A2 FB C4 A7 B9 1A 25 25
      C7 A5 E5 FA EB 66 65 F3 E7 95 A0 A0 E0 EB 48 14
      39 3C 29 2D 55 4D 89 C1 25 2C AB 7D 56 57 58 73
      BB BD A9 F9 65 07 66 41 DB F3 AE 57 9D 8D E5 3D
      D9 7D 1D FD AF 5F 66 56 BD 78 33 36 30 33 1D 15
      3D BD 38 FB 6E B0 2C 52 C5 66 69 E3 E3 C6 DA 7A
      F1 E6 DE FE F6 CE FE D1 7B A2 97 24 F6 F8 CB C7
      E7 EF 1F 9D 9D 5C 1C 7F 6F F8 41 B5 FD 5A BE 3A
      68 0F 17 73 22 22 51 06 10 F6 F8 BB 60 0D C6 31
      41 69 D4 00 CF 03 81 C8 63 C3 AE 38 66 6A 4F 89
      C6 A4 50 A2 A8 2B 5C AA 54 0E F0 2A B0 E7 89 FB
      F7 3B F6 99 84 9B D1 99 DD 64 C8 5D 85 44 89 CE
      87 EE CF CF 1A C4 7F 9B 2F CC 2B E9 28 B8 72 2A
      43 7C 7F 89 DB 10 4C 2C 2C 9C E5 44 E5 A9 01 ED
      93 1A 44 70 93 EF 2B ED 4C 23 FF B9 E0 B7 9A 78
      4E A3 5C D9 13 47 E0 34 CE A2 76 8C F3 F3 0B AB
      67 DF A0 DE 41 C1 04 BE 5A A6 8E 8F 02 43 62 70
      C2 34 22 DC 3D 63 31 52 BD EE E1 C6 AB 24 92 38
      A5 84 60 33 52 17 A5 67 BA 65 3F C9 AB A0 28 AE
      B9 15 97 59 EE 65 F6 3C 9F BC A6 85 1C 50 57 5F
      D1 18 44 DB DA 4D 9B E1 DB 51 7F AF 67 88 02 D5
      75 20 F1 D6 D0 44 11 16 BC 61 A0 79 72 B2 CF 6F
      0C B3 7A 7E 75 66 EC 3D EF 6A 37 70 9B 70 BD 63
      63 67 93 EA E3 F6 11 51 7F F9 C1 C9 A7 E3 A3 ED
      2F 6F CF AF 86 00 87 6A 86 83 DD 85 7E A8 58 BB
      7A D8 47 0F F8 59 B1 49 B8 6C 94 5D 0D E5 03 69
      18 34 FB B6 8E 0A 15 7D 78 64 75 A9 DB DE 06 16
      A3 15 49 45 EB AB D4 03 38 48 38 AC 85 96 9A 88
      AC 15 33 8F 54 29 BA C3 53 36 A4 35 72 B5 75 CF
      6A 28 82 D1 B4 45 2F 0D 16 F4 4D 8E 59 74 13 D5
      32 71 97 36 A7 51 78 2A E4 84 53 E1 3B D3 A9 FA
      35 F2 5B 1E 9C 45 96 32 93 D9 B4 58 BB 94 6A 0C
      3D 33 CF A0 F3 0E 62 78 6C B5 66 1A 05 D3 61 AC
      26 9F 6B EF A0 4A DC C5 FC F3 2F 2C A2 EB 19 96
      40 CE 30 0B 00 80 75 15 48 14 1C 12 1A 4C 10 16
      19 85 8C 9D B8 10 92 C4 F8 E4 94 D4 50 34 00 56
      D2 93 EC 9C 10 BE FC F4 4C 92 DC 92 F8 3B A0 0A
      7A EC 0C DC A2 D2 67 61 95 0D 55 35 99 75 CF F2
      9F D3 8B B4 2B 3F 6D 6A 49 C5 21 22 7D D1 F1 BA
      B3 68 18 B5 3B AE 69 E0 25 E6 C8 14 FE 9B E8 B7
      F9 83 8D D3 93 CB AC 14 40 B4 D9 B4 C2 9A 86 A5
      95 57 34 82 FB BC 98 1F FA 3E 9E 6C EF 50 ED 7F
      3D 18 7D B3 F9 19 15 E3 E7 92 DB 52 97 D2 B8 52
      B8 5C CB F9 17 3C EC E2 02 39 F2 75 4B 56 B3 0A
      98 74 6C 04 B9 70 07 BB A0 4E 9E 52 2C 30 6C 1A
      D0 35 51 3C A4 86 26 17 7E 4B 9A AD BB 25 E5 E3
      FE BC F6 0E 7C 73 F4 36 23 B8 88 BA 47 8F 41 23
      5B C8 E7 E8 3C 50 6D 2B 3C 4F F2 F1 18 29 E5 46
      59 5F 8A 52 12 D3 17 15 41 96 29 5A 03 A2 66 33
      46 EE AA E9 32 C1 7A 8B A6 4B B9 0F 53 19 0F 5F
      25 D3 B0 93 ED 8F 3A D8 15 73 96 E5 8E 34 3F 35
      2F EC B5 6C 4B 55 F3 3A 5C 68 E2 39 95 3C 88 39
      55 4E 7A A5 B6 97 AC CE 12 7A F4 20 CF 83 FE C3
      ED B3 D5 5E F3 D7 91 9F E2 97 B6 66 EA 17 46 05
      07 28 02 D7 28 1A 6C 1A 8E 40 D2 F6 66 97 FC 49
      F7 A4 33 CA E2 BD 28 DC D7 EF 09 35 F5 B8 AF 06
      35 82 A7 1E 7A 49 E4 5D 7A 9E D1 BF EF C5 41 7B
      E3 F4 FD FC D3 5C F9 01 6A 7F 62 4B 9B 03 BE 58
      9E 1C 16 D7 A3 17 1E B2 B4 B2 DF E7 C6 96 0F 4E
      32 DF E3 3C 18 73 7E 81 12 5E D6 17 54 A6 B4 C1
      87 AE 23 07 04 15 E7 73 E3 74 C5 0D 06 FD 41 06
      FE DF 90 81 CC D9 68 90 39 DB 78 50 20 2A 06 09
      9B D9 60 5D 61 6F 10 BB 32 B9 C8 51 5D 51 7F 0C
      AA 82 7D AC 08 51 F1 EB 04 7C 9B 58 F2 28 B4 21
      40 3C A9 4C 95 99 77 10 43 7C 7A 94 AA EA 34 0F
      6F F7 70 36 99 7C D7 12 05 7F 12 6E 16 BF DE CA
      A9 F2 07 46 AD 0C 4D F9 12 A3 E1 D4 9D F1 68 19
      F3 7B 18 E3 FA 41 33 55 5A 54 C9 D2 95 CF ED 46
      01 0F 9E 85 3F A2 63 90 9B 0D 35 6D 8B 3F A5 30
      80 4D 11 DF 8F 1F 7C 8A B2 CA D1 17 E9 8D 45 5D
      B0 E0 B9 6E 4A 2B BD 81 99 86 87 BA 36 DF E8 A3
      73 68 BE EF 29 1D DB 9D 88 F1 B9 0B 2E E2 6A 35
      10 90 6E B5 4D D7 E6 BE 85 A1 45 64 6A C0 31 1B
      BE 35 98 B7 B3 42 2A 69 C2 1B 3B 55 27 29 67 E4
      D3 D0 04 B9 57 EF B5 31 FB B2 B7 66 78 A1 99 7E
      25 B2 C7 AF 65 75 BD 03 3C 6E EB E4 23 42 B2 5E
      51 4C CF FC 53 02 73 0C B3 39 F7 BE 12 57 AE F0
      97 03 F1 9A 67 3B EA D2 1E 8D 67 5B AB E2 5A 5A
      CF BE 5D 8C 87 BC 99 18 89 E8 FC D9 FE E8 54 38
      EF F0 8D 5F 80 D4 A3 4F FB CB E5 D9 80 CB B5 99
      FC C7 A8 F7 50 2D 03 75 F4 3D 81 C1 61 D2 83 40
      44 F8 4B AC 90 D0 13 C9 E3 D0 60 1C 4F 72 69 03
      C0 7E 20 9D 2F 15 68 8E CE 17 3B A7 A9 FB D1 67
      41 9D A2 70 BC 9F C2 EF 89 3C 82 CE 2D 63 78 B2
      EC D7 89 3C C3 04 FA 22 45 D9 50 57 62 0F 14 E6
      AC 15 41 A8 AC 1B F1 3A D2 44 6B F8 4A F8 36 3D
      5E 32 EB 46 56 49 5A F8 E4 A5 D2 A8 B0 70 E5 27
      06 BA 5E A5 A4 1D 17 CD A5 09 14 A8 A2 B9 CE 42
      25 DE 4C E9 77 15 ED B1 33 D4 99 94 56 B3 29 FA
      59 B7 F2 FC 86 8D 96 B0 BC 89 1B 65 CC 1E 05 0F
      D1 79 05 91 35 AE FB 33 06 4A 33 B8 45 B1 9D 06
      DD E6 9D B3 49 BC ED CE 47 5E A9 80 02 38 B6 FF
      F3 E7 FA 5B FF 5C 7D 0A E4 EA 27 76 07 85 FC 5E
      7D B9 20 46 3E 7B E9 F3 EB D5 A7 57 84 45 65 F4
      04 06 C6 00 E5 88 FB 64 F8 92 A2 EF 50 4B 46 9B
      ED D4 D9 14 A5 73 D3 D9 28 0F 35 6C 2A 67 88 54
      33 BC 38 09 EA 1B 8D C7 84 85 E7 24 4A 87 AB E5
      2A 7B 38 E4 0C A6 56 8E 47 DF 4F A2 0E F3 C1 50
      0A 2C 93 C6 B2 9F B9 6C 5C 1B 4D D5 4C 36 68 8B
      16 DC 33 20 06 C6 FB 6F 67 1D B1 CF E5 4A 8E 64
      7D B9 B0 C2 22 65 D2 F6 BE 65 29 3E EE A4 CA E0
      8E F6 6D 3F E8 DD B8 79 87 2C FE D1 17 AA E3 67
      4A DD 82 B8 B4 42 66 22 8A C1 B5 B1 54 4A 0F 78
      84 87 0A 87 0A 58 F9 45 F5 D7 A1 B6 6F 88 B7 50
      71 DE 98 34 5A 64 97 EB 3C B3 74 90 73 DB 5B 64
      76 28 4A 7D 23 AE 98 BA D8 95 8F CD AD EF 5B 1A
      B2 FC 92 6A 0F 2E 20 21 F2 71 B3 37 64 5A 80 D0
      B4 ED C9 5E 58 8E DC DD 80 E5 E1 DB 73 43 6A 1C
      5F 3E 8D 99 89 7B 9D 68 39 60 DF 1E F7 93 F0 9D
      5D 7C 9F FE 30 61 49 CC E7 E2 B8 C9 F2 FE E3 DC
      88 71 2C DC F3 3B 7D 8F CE 8F 5B F2 83 7A 89 2C
      B3 1E A1 0F 97 BF 0F C2 B7 30 EC D2 7B 1D F5 6E
      35 8C 50 2A 72 95 44 87 45 79 8D 80 3C 39 02 83
      EC A3 42 05 9D 57 5B A6 81 72 E4 BB 38 E5 D5 70
      4C D4 2E B2 5B A3 E0 ED 22 32 7A 36 54 64 F0 F1
      4D 00 4C 31 6F 0D 82 E2 8D 3B 5A E9 49 FC 29 10
      83 89 0A C4 3E 36 5E 2A B2 D3 E8 29 C2 67 DE 16
      49 3A F8 08 B9 38 03 FD 79 F3 14 E3 C4 56 EB 34
      B4 3B 89 06 E9 0C 0B 15 E0 A4 C5 A7 0A 65 D2 98
      1C F3 20 06 B9 81 D7 85 B1 2E 3D 38 A0 5C 4D 2B
      7B 3B 2B 9F 33 85 3E 7A 8B 00 E3 55 78 1A 06 2E
      F3 2D F1 23 A3 8A 27 8B AC 26 84 71 E1 6E 75 8C
      25 BD 2A 59 89 68 D4 FB F0 5E 34 5F AB CB D0 32
      32 CE 2E F4 92 7F FD 8B 16 E3 9F 91 80 87 8C 04
      ED 82 20 34 1C DC 5F 3C 10 81 61 B1 41 5E B0 0A
      E8 8B 21 E7 27 EB 22 42 46 33 29 99 60 34 29 2B
      28 69 88 ED 9E AA 37 BA 68 43 A9 1C 2E 33 89 79
      25 9F 7B 77 C4 13 2E 77 E2 3E A2 94 32 2D EE 60
      03 CB 0C 65 9D AD 41 1C 2A AD 31 33 B1 29 9C FE
      72 ED 38 0B FD CC A2 92 B7 99 16 B5 80 37 80 A6
      3D 5C 62 BA 52 3E EA DD 24 E6 29 76 BC 8E 2A 73
      5D 7A 5C AC 7A DC A1 DA D4 B6 07 4F 0D 09 B5 6B
      B6 E3 26 01 87 D2 6D EC 14 80 BA C5 2F FD F8 2F
      23 BF 9C 1C 2D EA 14 7D E8 02 DE 27 3B 5C 63 A9
      87 28 09 AF A2 06 7C 07 AB D9 0C 69 81 25 DA D4
      29 87 4D 8B B3 45 49 30 9C 32 1A F7 5E A2 21 CA
      0C CC D7 59 13 DE B5 36 19 B1 26 E9 31 3A CD 14
      B9 BF 1A 93 FD 7E 3A 71 EB 95 E8 A7 D5 22 D3 56
      C8 FA B8 D7 86 FC AA F8 C5 09 97 51 8E 70 44 7C
      98 5A 06 D7 7D 04 FE 95 B2 33 79 BB CF DA D2 CB
      7C 82 FB B9 DD 9F F6 36 33 EF 6F E1 BF 1C F9 BA
      DF D7 6E C4 EB 5B F0 C2 FA FC 78 28 82 FC D1 19
      38 7D C5 6B F2 D8 6B EA 31 0A A6 72 81 EF C9 47
      2F 5A 57 2D 72 E0 03 C0 2D A1 ED 82 50 22 4F 61
      BA 08 2B 8D 40 EA 40 4A B2 F3 C2 08 4C 37 96 FC
      B0 BB F7 74 AC 02 2D 03 83 68 43 B1 F8 5E 2F 63
      59 F9 14 F4 C7 30 0D DB AF C7 62 A0 42 1F 92 11
      75 41 D0 A2 29 07 CE 8B A3 05 D7 BD 82 1F 32 FC
      3C 37 27 57 75 8E 64 78 14 CB 79 84 9E 70 F6 68
      02 42 FE 25 37 A3 3F 31 16 87 B4 37 5E 57 D5 B8
      34 63 37 C8 B8 0C 79 BC 6B B5 4D 78 28 A4 B2 94
      8D 46 03 EF 4D 73 AF F2 79 98 B8 24 6A 45 9D 87
      0D 53 D9 CA 8F 2C 53 A6 25 41 59 55 D1 06 70 F9
      AA 40 8A D4 26 95 A8 09 D0 45 5E 90 10 3A 69 66
      6E C6 06 F5 14 40 65 EE F3 4C 2C 67 25 B3 39 EC
      90 14 B3 91 6E 31 CA 0C 50 12 86 3E 59 6A 7A 91
      08 A0 E1 39 96 93 C5 20 1D DE CC 6D B6 3A 0D BA
      03 C3 44 FF EB 07 E0 BF 87 CB F5 0F C0 47 81 41
      A4 98 78 BF C3 05 2B B9 63 2E 98 10 49 1C E4 18
      EB 83 74 AE D2 03 09 40 2C 03 0A 9F 8F BD 31 F1
      94 B2 55 30 23 3A 22 15 EE 07 96 69 AB 81 6E 3D
      C3 D9 77 E1 66 3E 38 24 65 14 CC 6A 42 EA 0C 49
      A0 EE 37 B1 18 4C 91 40 9F 52 3B 3D 6E 8B 40 5D
      33 99 54 87 FE 62 82 88 78 78 1B 49 99 34 FF 03
      3E 75 1A ED 27 55 46 68 46 34 B8 77 B2 64 ED B4
      2A EE 0D 0C 0B 8A 7F 8E 28 26 87 DE A9 55 C8 C4
      AE 2A 68 83 EC 5C C2 FB 4A 8F 52 6E F9 60 1D 3E
      C9 08 81 59 DE 8E 47 73 09 D4 6D 75 5B A3 C1 25
      E6 B6 ED 40 6F D8 1A D4 53 A3 EE B6 6A 13 20 A3
      F2 11 E6 B7 FD D6 06 BB CD 59 66 6D DA ED A7 FF
      65 B7 30 29 45 22 EA CD 22 3C 24 BB 59 38 3B 4E
      F6 45 CB F1 5D F6 FF 53 C6 7B 3F B2 FD EE FF FF
      11 24 F6 AA 12 44 EC 4D ED 59 6D 63 CF 1A 1D 6A
      EF BD 2A A8 55 54 8C D8 6A EF 91 C4 9E 15 14 45
      5B 7B EF AA A2 A8 BD AB A8 2A DA BE 7C E2 75 CE
      79 9D F3 FE 7E 7F C8 7F 70 BB DF 1F B7 C7 75 3D
      73 E9 2F 37 7B 70 C5 23 D6 6D B0 1F 40 26 61 76
      47 AF 75 3B 7D 03 2D 15 DA 7E EE E8 1A 01 AF 0C
      60 8A ED 90 AF 8B 2D 2F AE BC 2D 47 53 F2 B8 EB
      F2 9E 52 87 84 3C 3F FD B6 2A 9A 25 77 15 FA F3
      C7 D4 05 23 3B A3 7A AC 06 CC EF 27 69 45 61 88
      5D FE F6 52 88 01 BD F3 8A EB 1F 9E 73 E2 30 D2
      BB 73 2B 51 36 F6 29 4C 7A 42 EC D9 E8 28 02 B2
      C1 65 14 73 A8 12 C0 08 38 FA 68 35 66 3B 05 69
      1B 2B 19 3E B5 12 68 1A 1C 90 0E 14 ED 1E D4 62
      82 3A 6A DA 25 5B B9 27 CF 82 2D 3A B3 57 5E 8A
      CF 3A AF 85 90 97 64 00 A8 65 04 05 40 69 76 BF
      E5 B8 83 CC BC 0D 95 2D 49 20 B6 9B 89 4F 80 F3
      DC 29 D2 96 D9 73 04 30 67 71 C7 9C 6D 97 79 9E
      44 37 32 22 95 D4 A7 8E 5A BC 21 52 A9 B4 EA 05
      84 04 86 3C F9 3A CB FC 4E BE 12 DE A4 3B 70 D0
      9C 9A 33 D3 73 BA 20 6C C4 B2 83 F8 12 16 D0 CA
      54 9E 93 52 48 6A 0D 49 FA DD BC 03 A7 50 25 D8
      2D E3 2A 1C E6 08 BB 9D 60 3A 69 9F 61 2D 5D B9
      57 53 1D 3A 10 45 53 47 27 B5 C9 75 30 94 CB 5F
      04 70 4D 71 53 7A 48 45 C6 4D 71 9B E4 CD 72 3D
      F9 CD 23 D3 50 90 80 B2 63 ED 0B 89 E7 B4 20 73
      DD 7D 8B FF 8C 20 F2 FF 4B 12 23 9E 24 2F A5 B8
      88 7F 8A 87 DC 91 DB 04 A3 44 70 5D 3C A6 9A 1B
      1B 51 A9 94 66 52 F6 50 AD D4 95 18 21 FE B7 5E
      73 47 E2 1B C8 54 31 D6 E9 0A EF BE 78 B8 A8 9C
      78 13 05 53 E3 36 9C 8C BC 63 A6 37 F6 43 02 A3
      E4 63 EF 03 E8 4A DA C6 48 9A 34 98 B9 60 81 93
      B0 AF 5A A7 46 E6 AD 9C 21 E1 23 AC C6 DB 56 9B
      F4 1E 41 A3 46 07 11 4F 8F F3 E3 E2 99 7A C1 89
      E1 C7 97 E1 1A 0C 10 B7 9B CD 19 90 86 E1 A9 2A
      9F 89 D9 BE 13 E2 51 46 21 9E 13 AA 45 A1 E3 3E
      00 85 B7 0A 99 D1 5A 45 BD 43 8F 01 0D 7F 12 07
      CE 67 3D 0E CD 63 17 42 CB 93 B0 3A 52 A5 F7 DD
      AB 3E 13 B7 5D 8A 6D 3C 5B 09 BF 6C FA 2A 6A AE
      E0 FE EC 4F 9B 10 E9 90 64 D3 0C CC 93 05 A7 BF
      FC 96 F5 15 FB 7D C5 67 3E E2 D6 32 A7 E6 F3 ED
      0A D4 1F 5A 0A EE B1 F5 58 50 2C 67 C3 AA DF 5F
      F9 49 91 5D 7E 5F 58 6A BF BD 57 89 6C 0C 88 DD
      98 4F 1E AA 5B F2 0B 3A CC 9F A9 8F 5D F3 B9 F8
      75 7E 82 68 B1 08 2A DE 79 B2 0C F9 8D FB 89 0C
      00 0C FB 5B 87 FC 44 38 B1 23 AD A4 4A 01 3A EB
      F2 15 36 7C 5B 4A 1A EC 2C 37 D6 C0 B6 4C FB 26
      83 C6 11 CC A0 F3 D5 98 A5 9B 15 56 FE 16 CE B3
      8F 40 05 98 6C 6C DC 2D 18 3F 67 12 71 EA 71 6A
      6C D7 12 BF 7D CC ED F1 27 1B 10 73 40 3D 03 50
      9F 22 C7 96 C5 0D 92 C3 96 64 4F A3 05 62 12 6F
      32 8A 4D E3 52 9E E7 79 69 94 B4 A3 64 79 3B BD
      AB 34 CB BD 04 A9 1E 2F 0C 1B 5A 22 0F 24 B0 5E
      CF 62 AF BA D8 8C 7B 30 5E 3E 07 64 F3 ED 72 C8
      75 9E 89 B5 CB 76 3B 14 48 A6 B1 FD 2D B0 93 2E
      97 B4 6A 8B 41 31 FB C6 E4 C4 DF AD B4 12 F4 F0
      EA 76 44 2F E1 18 2A 4B 42 B1 6F 40 82 FA 0B 26
      3C E5 BB 51 C7 4B E5 20 C4 94 03 DA 77 59 97 69
      15 62 9A 30 54 05 67 52 14 77 2D 65 C6 2A 54 43
      74 21 5E FB B6 F7 E3 98 DD 0A 2B A9 C4 85 95 A2
      AD 0D 4B 2B DB 4D 03 D9 18 47 18 A4 5C B2 EC 67
      3A 7B D3 1D C7 4D 6B 95 89 68 90 7D 1C F7 D4 38
      45 FC BF D8 36 11 40 A6 FF A9 2A C2 FF 0B D8 F5
      27 6D C9 2B 91 E1 24 7F 3B CE 2A 80 4D 32 D3 59
      33 A5 13 83 AF 2A 30 B7 36 10 31 92 99 C0 AE 42
      76 AA 3C 1D CF CE 73 97 28 55 EE 08 5E A2 13 F5
      44 3B F7 58 C2 A7 27 21 49 C8 6A 6F C6 38 75 43
      57 F6 E9 A2 58 10 32 AD 57 2F 19 08 3A FD BD DB
      97 C8 24 A9 C2 93 99 9C BB 5E D1 17 C3 EC 45 91
      7D D1 54 C9 84 81 56 C4 85 1C 73 46 7D 8C 12 F3
      52 38 E6 9C DC CD AB B7 CB DA C8 D6 91 19 4A BA
      25 3D CE A0 4B 4E BB 8F 7D 65 D8 D7 BF 49 8B 4A
      B0 B9 05 39 25 DB F8 2C 1B 3B 45 A0 F3 28 C8 5C
      7C 36 9A A1 27 9B F2 36 10 9D 85 F8 82 4D 13 78
      18 72 6C AF BB F5 C1 CE 8F FB CE DE 85 64 C2 1B
      8C DA B6 DC 09 F1 EB AF A2 02 FE CD 7E 89 8F 9B
      A9 6F 35 47 B0 9D A1 7D 64 9F F2 3C D0 27 B5 BA
      5B 45 11 93 05 0D D4 29 1F 53 94 CB DB 2F 3E 89
      53 A4 B1 B8 DC 16 76 AE 7B 72 35 91 F0 47 81 59
      44 94 70 F1 94 CA 50 27 F7 E7 58 75 96 2C 1B 9F
      1E 47 01 D3 9C 59 28 75 D1 C5 6F 99 1F AF 11 AC
      F4 0A 37 E1 E9 BE 2B C7 9F D8 02 BF E3 70 EA 61
      AE F8 55 8A 90 18 BB 61 1A 4E 76 6B 8E 9D 99 66
      9A D1 9A 01 BC DA 62 F9 9C C9 11 62 13 08 E8 A7
      2D 8C 06 C6 0D CC EB F1 9C 46 D9 C4 FE C6 05 70
      46 FF 58 22 61 67 06 41 FB 96 42 A5 40 95 76 D1
      54 CA E7 7D 26 80 56 C6 92 F0 67 E9 0D B6 71 6E
      14 F3 D8 40 31 E3 9B 2A 4C 3A 27 9F 4A 62 65 16
      8C C3 1F DF 10 43 DA 25 9B F5 2B 0D 43 1F E4 CA
      6E C5 B2 EC 48 DB C5 FA 74 F8 F3 66 A9 D1 31 61
      6C 21 31 04 3C 89 0E 85 39 65 D1 EE FC BC 93 D4
      F9 F6 95 A5 50 5F 06 26 27 74 38 15 7B 18 87 5D
      E6 10 37 B6 68 46 9C 27 DA 4F F7 8D 69 31 C9 81
      81 16 4B 08 48 AE 32 CC D1 72 18 05 59 90 AE A2
      83 44 3B E6 EC 26 6E 3E 7B 78 5C 5A 45 98 71 14
      C3 9A 33 2C 5E 9E 5C 6F DB C2 54 4B B4 64 DD C7
      9C 39 2C BF 17 47 99 8A 88 24 EE A4 B3 D7 84 40
      0F E3 84 4A 0D CF 82 96 52 C6 98 B9 B7 92 FC 2A
      30 3D 37 0C 38 CD 2C 9B C9 68 FD 8A B4 2D D8 B5
      05 6B 36 6C E9 81 4C 65 1D 7C 9E F0 FF 5E 16 FE
      2F 67 D7 97 85 06 61 20 CA 7F 36 29 99 60 E1 F9
      93 BF 37 A9 EA 47 86 74 08 2C 01 9E B3 B5 A3 B5
      BE 84 1C 2A 49 57 7E 13 25 F1 12 9D 68 EE B1 00
      84 E4 F7 12 EA 0C 98 D5 1E BD 31 47 8A 6E 9A E3
      22 91 74 8F 93 21 5D BE BC 5F 9B A2 98 41 19 0B
      52 69 B5 53 3C B7 B8 EA 23 23 61 BA D1 69 8A FD
      88 26 5A F9 82 C6 E3 F5 6A D5 3C B7 F1 6B 99 9A
      29 04 9C 53 D4 76 49 33 D1 C6 6F ED 71 93 76 76
      F0 05 46 66 75 2C 86 EE 0E C9 06 57 A7 A0 4E BB
      D3 CB 18 C3 1E 39 8A E8 77 34 04 84 96 1C 24 C7
      0C 23 4F DC BC 6C 46 73 70 99 35 21 F3 DA 85 C1
      E7 12 6B 8C 15 FA B8 DD D1 A0 47 E9 93 C5 3C 76
      6F 85 8F AA E8 25 6A 7D 5E E2 30 8F 7D DD A7 63
      CA 83 87 EE 77 1C 47 17 BC 7B 91 A6 97 5A DA EA
      23 E5 6C BD A3 5B 19 EC 9B 6E 38 11 DB 32 9F 84
      FA A6 B3 F7 91 CB FB 0A 47 78 E7 F6 F6 57 C4 E4
      C4 2A 36 AD F7 CB DE FA FE A8 C0 15 F4 CE A5 82
      EF 9E DC 74 0E 5A F5 64 EA 78 35 AB D0 6F F7 26
      44 03 76 31 9F B2 1C FA DB 03 6D 1E 56 4A 32 C8
      EC 7B C6 1A 63 05 03 CD 62 50 0F 00 61 60 48 24
      63 EA 80 71 94 C7 28 ED 5A 08 A9 1F E6 23 D9 10
      12 82 09 03 79 46 A3 83 89 17 52 AC 91 F6 15 51
      48 E7 5B 28 CD E2 A8 0B 87 80 E2 04 DF 5E 64 58
      92 CC E9 CE 7A C2 3D A0 3C 5B 8A 52 2A 6D 98 29
      A1 35 6E 23 C3 7F 91 03 9C 4E E6 CD B4 4E E9 1A
      15 D6 9F 21 BA 96 B5 19 A5 14 14 6B 9B 02 A9 D8
      EC BC E1 9D EC B2 C5 4A 7B 88 D4 60 76 55 90 B7
      A6 08 21 9E 54 CB 09 9B 46 0E E4 3B DB 66 F3 F9
      27 DF 34 42 E5 47 4E DB 6C E7 FA 90 CC AB 63 81
      C7 F5 A0 62 C6 05 93 8A E4 80 45 AD 5D 78 5C F6
      1C 7F 6E D0 46 F4 80 0C 2A 93 DF 39 2B 2D 54 81
      E6 46 7C A1 BB 09 58 98 14 5B E9 92 5F DA 2F 17
      E7 5F 27 98 BB 8B BE 3B 9B 2B 14 EB 11 3C E5 F8
      EA B5 8D 61 55 CE 6B CF 36 87 84 CF 21 28 61 55
      23 D7 36 C1 C6 92 7A 6D 2C B3 21 B7 98 48 85 ED
      20 C2 B5 39 30 3D 6E 34 79 B2 39 65 BD 85 A8 EB
      02 0B 43 00 6C D4 72 26 8C 06 3D 95 C1 07 EC 28
      2E AA 19 10 A8 ED 6C C9 8D 96 C2 15 B0 A8 FE 37
      80 A4 64 00 92 FF 0B 20 2D 1E 40 9A AE B0 88 1B
      FF 99 A4 24 41 BA 43 38 35 C2 EB 49 CA D9 EA ED
      80 EA E5 B9 29 1D 07 8D ED 89 CF 49 93 0D 3E CD
      26 98 EE 1C CC A2 72 C8 F6 B5 43 F1 B2 49 8A B9
      EB BA 93 36 96 C3 C9 9E E8 15 FA AA A4 53 E7 C3
      49 14 67 07 8F 6D A3 F4 53 40 54 2B 62 EB 51 65
      F7 65 83 1B 78 3D 86 7F A8 D1 D1 E9 8B CE 1A 34
      F4 69 7D CC 55 C3 BD 33 9C CE A8 FC C4 ED 2E 82
      F2 90 DB 5C CF 14 74 4C 70 8C FA 80 A9 FD DC E2
      1E A2 C8 D4 63 57 D7 DD 46 97 B5 55 41 16 13 F7
      E5 BD D7 BC 36 C7 8D F2 86 6C 4A 14 98 53 EF C0
      8E 34 FC 3D BB 0A A1 91 C4 A6 CE E6 87 0C 1C C5
      60 87 FC F1 70 5C BD 1A E1 F8 34 E8 F5 57 69 03
      A2 51 8F AF 41 E5 07 2D 06 73 8B B0 F1 32 0D E3
      E5 B7 37 AF BE 8A 3B B6 FA 8C 40 82 39 BF 79 F8
      83 B2 B6 E7 B6 07 2B A7 1E F2 FC F8 D6 D5 78 FB
      6A 42 25 54 6F 35 0B D4 F1 C2 FF 0F F1 4B BF E3
      F2 91 AC F2 EF A5 DB 64 05 FB 3C CD EF 55 34 A8
      82 2F 36 96 38 D0 0C 77 DF 8A 15 84 02 C9 8C 35
      FC 00 6B B8 E8 F0 40 9A B9 1B 04 25 21 2D 56 E1
      41 1B 36 79 50 C0 D6 2A 7B 24 41 7F CA 64 E4 1E
      8F 1F 07 EA F0 B1 A3 46 04 E9 19 A3 75 B8 D5 8E
      11 7B 28 89 6D 0C 67 3C 75 DB 4F CE 18 57 22 9A
      4C A4 F4 42 80 1D 2B DB 5E 6B 71 BC EA 89 EC 93
      A0 3B F9 FC F6 E1 A1 8A C6 E0 40 DF 1D 0E 87 40
      23 ED 21 75 22 1D D4 71 49 F2 8B D3 55 DB 4C 75
      06 79 9E 0C 99 51 E2 08 A8 95 2D 84 37 9D E9 C1
      3C 67 E6 03 EF FA 92 9B 8F 9B 2F B6 58 6D 0A B5
      78 0B 9E F4 13 44 D8 D0 86 29 F1 66 03 0F 73 D6
      73 02 FB B5 1C 98 73 78 4A D5 F3 62 D5 DF 0C B0
      FD 66 95 FF C2 1A 3A 47 5B 09 BF 3D AA E4 12 9E
      DD 3D 54 11 61 18 74 29 00 04 3A 4F 55 60 0D EE
      FA EC 80 CB C2 98 4D 3A AB EE 49 8B EF 16 86 28
      9A B8 66 54 0E 47 F7 07 B6 86 F6 83 2A 33 43 E7
      85 8A 4F 12 91 26 38 20 62 52 8D 2D 33 D3 75 BD
      61 74 B8 9C B9 29 F7 19 32 FA F5 D0 19 99 6D 34
      42 AC 4B 44 C9 34 5D 69 A0 06 37 1C 07 66 9D 4F
      1D E8 7F 43 F4 DA B4 24 FB B6 FD B1 53 C7 A9 A0
      3D 9C DE 41 F3 7C 9E 29 DE F1 B3 A8 BA 74 89 A1
      57 E0 BF 56 49 3C 87 64 00 61 65 80 02 00 0E 10
      FC 9B C3 9B D7 45 B8 12 F1 EF 81 CB D1 4D 40 C3
      27 97 AF 89 E3 EC 86 3D F4 76 9F 4A EE C4 0E BC
      24 16 31 7F 23 41 B8 9E 9A 08 56 AA CA 8F C1 03
      99 75 0D 24 62 1A 3E 9C 21 47 3A EC B5 DB AF AB
      7F D7 D1 7A 6E D0 58 D2 49 8F EC 89 E5 3B DF 9E
      6B 20 E3 B5 AF 81 54 D3 28 BE C9 36 D7 6B D3 AF
      33 51 E4 79 1E 93 68 FA FA 20 9E 9B DB D3 D6 C1
      58 65 88 81 CF 32 44 86 F2 97 7A AC 49 95 53 DA
      DC C7 FA E6 55 FA 34 B3 AA 6C 84 20 83 5E 74 7B
      C0 F7 85 1F C7 F6 14 2F DF 91 5E D9 E6 E7 F6 08
      B1 0B C6 DC D8 7F 2D 14 A5 9B 3F 61 2B 03 E7 E5
      0F 6C 78 C9 13 4E 57 64 5E 6B 3C 94 2E 5A 64 F7
      A2 5F C2 BA 29 7C 3A CD C9 73 71 CC 14 91 29 D3
      10 F1 0A C9 09 90 38 5C 54 7D BE 1D D5 AD DE EA
      23 73 E7 12 A6 A1 27 8F 78 29 3E DE 18 D1 1F F6
      4C C1 BB 53 B2 D5 F9 8A ED 9E 86 1E 65 B1 C4 FB
      6A 27 BD BB CF 0B 7F FA C0 D6 A5 92 2D 43 0E 45
      03 86 5B 5E 52 B2 DD 2D 10 55 AF 15 4B 0F 81 AC
      FA 83 59 BD 0F 3E 7D 79 EE 2F 55 11 65 48 DA B1
      62 81 A4 94 C1 C3 43 8E C7 32 2A 50 91 04 E3 B6
      C7 64 8C 81 05 12 F1 0D 84 07 3A 0F 72 44 20 34
      E9 AD 43 D2 62 E5 6C 43 8B E6 53 6C A2 48 24 8C
      57 19 FB 94 B2 BB C2 E8 93 E4 D6 13 59 B6 CA D7
      E3 5C 89 EA 8D 22 C5 C9 76 ED 93 04 99 03 B9 D3
      83 A0 31 70 AB D3 1F EC C5 69 37 2F 71 36 AC DF
      A6 0C 37 91 47 89 39 6C 2C B4 70 19 38 C4 5C E1
      42 83 ED 51 68 20 77 8E CD 02 80 89 C2 BB 49 7E
      2D CF 22 15 C2 9B E4 10 3A 44 60 0F 34 E6 28 2B
      0C 5E 3E E6 CD 7E 96 CD 54 91 8F E8 14 33 25 B2
      CE DE 75 8C 88 65 18 DA C1 84 A2 72 50 1E 64 BD
      68 54 61 76 10 9E 4D 5F 85 CB 72 36 BF 30 C1 49
      2A 9F E4 42 53 8E AA 10 CF 2A 4C 56 6D 5B 15 1C
      93 EF B8 B0 89 0A 45 5F 56 A4 13 EF 08 D2 00 EE
      27 E4 3A B3 99 4F 0B F2 D6 FD C1 70 14 E1 C8 EC
      3B FB 6B CA 9A 87 0E CA FE 24 72 30 BF FE 9B CD
      B2 69 C1 8D E6 C5 33 0D 96 56 C2 DD 49 62 D8 96
      E3 C8 41 1C 7F 7F 57 EF E3 03 5E B4 1A 93 2F D1
      2F A1 FA 80 C9 94 C3 E7 93 38 1D 9A 57 76 DD 6F
      54 18 AA B0 D9 03 8C 30 48 B0 17 BD 83 F3 6A 27
      CE C9 59 E1 E8 39 DD ED 47 2A CC CC C5 73 38 15
      6A FA EE CA CE 3F 89 8A B4 40 77 54 BE 06 FC BF
      C8 DE 05 C8 01 54 AF 5F 5E F9 FF 23 DB F3 6F 64
      D7 3A 0D 30 9E 34 07 E2 3C 03 0C 94 A4 C2 71 50
      2D 9A 62 75 62 86 3A F3 9C 2E C4 D0 40 04 B7 9D
      9E 54 25 20 9A 51 52 EE E9 F9 8E 78 4F 29 41 B6
      44 04 27 91 83 56 24 A3 A8 E7 28 F7 A6 1D 08 95
      98 74 37 4A 9B 75 67 83 6C BC C4 B3 E1 04 79 C3
      99 76 84 59 DE B2 86 44 FE 59 09 BF E6 3D AF 6C
      A5 AA 99 51 A3 BB 5E 6F E3 0A 7E 71 92 92 A2 1D
      F8 60 BB BB 91 1E 46 B2 4F BF F0 63 58 9A 3D 53
      BB 98 4F 1E E4 4F 7B EB DC 6C 09 6B F1 63 37 9F
      3B B2 66 D3 EF 3F 32 18 4D 16 D7 A8 97 4F 06 62
      95 DF 9C AC 76 3D 18 EC 35 11 71 24 DC 8E 2C BC
      F7 CB 98 B3 A2 61 E4 73 66 86 EE 45 43 DB 4F 57
      61 42 CB A7 BF 75 CD 87 06 D6 5B 45 9C 5C D6 DB
      2F 98 F9 81 91 42 31 F7 F3 8B 97 36 50 98 7A C4
      78 C1 7D EA D5 99 6A D9 AB BA 45 3B 8A 9F DF 6B
      C4 BD A8 44 DF 1D 53 DC DA 59 9F 48 79 A8 72 3C
      7E B6 F6 7A E4 5E 51 F9 55 FE 98 03 93 17 5B 68
      51 08 72 20 F8 D7 8F AD A2 17 BE C1 98 39 32 7D
      DA B9 08 A4 FF 24 87 46 38 F9 99 FF 00 CA 94 3F
      B3 93 FC E0 66 EB 2A EA D9 60 16 07 EC 79 72 B6
      46 34 6C 6F 16 16 C5 B5 97 A2 E1 E3 6D 9F 0D 8E
      13 74 85 44 AB 52 53 F1 DB 26 70 71 3A 0F C4 72
      99 56 AC C6 58 A9 6E DB 80 68 BD 89 B8 92 6F D2
      E5 AC 21 35 B6 2A D4 01 AF 42 CE B9 D2 D5 8C B4
      4A B3 FE DA 35 E4 00 76 93 CA 71 64 19 5C A6 D8
      B2 FE 99 E2 70 4C B7 6E A0 45 FA 12 46 22 79 F1
      C5 6A B3 91 67 B5 46 C2 C7 EA 3B C7 CE 4A E1 BD
      28 6F 5B C8 55 37 EF 98 65 E9 CD 5E 00 30 6A 0D
      E4 C3 FA 6F 0C 39 B2 06 A3 E6 1D A0 62 9A E5 70
      22 EB A3 9C 2D 54 BA 5E 60 65 89 84 44 36 AA 1C
      D8 87 46 61 32 AA DA F1 08 7B 39 B6 55 B0 F9 D5
      2B E0 11 EE D4 DE 4B 2F 43 09 B8 D5 B5 31 97 10
      57 95 C2 72 B1 6C 4D AE 7B 03 59 C4 F4 B7 F1 04
      77 68 BB B0 B9 4C 0B AE B3 BA 16 E6 82 99 01 DA
      42 06 20 77 7E 37 FE E6 E5 4B 59 94 DB DA 83 8F
      6A 6C 0D AE F1 E5 D9 BB 97 60 F3 76 16 7C BB 76
      34 EC 21 3D 92 64 FA BB 88 4C CE B1 25 78 82 C5
      DC 3C EB 65 42 CD AC BA 3E A8 5F 96 15 DE B6 B7
      71 EB B1 0A 00 88 2B 81 54 0D 51 0C 54 09 CF 41
      3D 94 66 4A 9D FD 05 A5 4A DE 28 0F 28 F2 44 99
      9A 3E 5C 10 4D 99 76 2C 31 EA 57 77 F0 65 8C 02
      61 70 AB F3 F6 F7 51 1A 9A A2 1A 28 CD 7F 79 56
      00 C8 00 34 01 B7 FE E1 D9 EB 1F 9E 31 2A 48 42
      4E BD 00 4D 1C 56 0D 89 96 40 2D 04 A8 28 BD 14
      90 6F 76 D6 F4 C2 95 68 85 33 CB A2 DA 10 9B C3
      09 2F 75 54 61 8A 5A 69 B6 C3 06 AB A3 3B 52 3E
      3D 1A 2F 99 C4 29 47 6B B4 A4 30 FD 41 5E 1D AD
      E2 8D E9 D4 FA 2C EC 11 0C 05 71 0D 56 B5 05 3A
      4B AD AB 84 7C 93 D8 2C 69 EF 0E 63 A5 54 C1 31
      E3 57 8A B4 1F 72 3E 52 3C B9 EB F5 3E E9 9A E7
      58 8C A3 88 32 C1 9E AA C0 C3 DA 6B 9E 85 FE C5
      B3 A5 E2 C9 94 E7 CD 16 B3 37 FF C3 F3 6F AF 01
      8D 6C F9 74 60 AA 99 9C E3 66 8F 64 49 72 6C 8F
      E9 28 68 9C 82 E9 05 C8 62 E1 74 B7 E7 E1 BB FA
      E5 31 E6 11 C0 1C 89 DD 58 61 AD 6A 09 E2 73 66
      63 D3 EA 58 30 25 3D 41 27 A9 1E 93 5E 30 B1 77
      8F C1 9C D4 17 BC 25 F8 22 3F 54 4E 5C 95 2D DA
      8D 9E 7D AF 15 57 A5 16 0D ED 30 FE 17 CF 84 AD
      13 67 3D 8D FF E6 39 FF 9A 67 B6 BF 79 FE FA 37
      CF 04 8B 64 06 B4 CE 2B AC BE 83 29 2B E1 7F 96
      30 18 86 4E 9E 23 E0 F3 99 FB 15 36 AC 27 36 31
      03 30 AE AD 2E 9B 68 ED 26 3E 2C 2A 68 A3 2B 1F
      0A D9 42 D8 C6 31 F5 8B 4F 45 10 86 9E 71 26 80
      1B 1C A3 63 E1 97 E5 E0 04 2B F8 27 3C CF 0C 24
      EB 69 72 12 01 DC 49 B2 FD 73 45 CC 04 C1 DB 98
      97 06 7E 26 36 AC 8F 67 A7 D8 58 D5 1C 35 39 80
      5F 04 D8 AD A9 EF F9 55 62 D8 F8 E3 5C 78 A3 D4
      BB 8D C1 2C B4 25 95 8E 10 4F 3F 7C 2D 5B E9 05
      AE E4 FB 26 B9 44 14 8A 0D 4E 6D A7 BD 50 16 E0
      CB 41 CC 6A 71 80 83 C8 AC 89 4B 42 64 82 06 8A
      BC C9 04 2B 33 10 9D E8 F2 5C 6B 92 BD 72 54 2E
      D6 79 33 DF EA 52 B6 0A 2E 5E 31 83 E3 AF F2 3A
      3C D6 C0 14 32 EF 46 B3 BE A2 6A EA 81 36 BE 0B
      AC 2E 6E EB 1E 72 7B 05 34 89 73 A9 12 3B 43 62
      D9 5A 18 6E 3B C3 88 D9 AF A1 1E AC AA 6C 2C EF
      0F 88 C6 91 63 09 D0 AF 69 70 53 EE B5 39 75 71
      AB 90 57 29 B7 69 C0 16 5E 6E D5 55 09 B0 0B 7E
      D4 BB 37 42 16 8C 01 14 ED E0 B6 C5 35 A5 81 B7
      E4 12 86 99 EF 5C 5D 0D 41 AC 93 85 3A DF 3A A5
      B7 A6 58 BB 89 04 6E F3 A0 6F DB A7 B8 F5 5A 05
      C0 11 7D 86 E9 98 28 42 9A 02 8C 60 2F 2D 1E EA
      01 8A 8F C9 FD 43 44 3F 3F F5 D3 0A 8B 9E C2 39
      92 C9 A0 8D BD E2 33 35 34 C0 E0 EE 51 44 E6 5D
      AE 5E E4 1B C3 59 E3 26 65 78 30 A7 14 4A E7 2A
      78 F7 C3 1F B5 B7 06 84 B6 06 AC FF 03 BA 34 40
      1A 70 1F 20 FA 0F E8 C9 2B AD 22 CC BC F4 FF 72
      5E 1A 96 E1 DC 56 F2 F4 3E 03 4C D0 CC 20 52 4C
      A9 F7 25 BB 8A 76 8D E6 B4 AD 88 BA A4 D4 AD 5D
      FE 86 52 9D 68 7A 2D 94 A4 CA 87 51 4A 36 C1 27
      90 80 A3 86 ED 91 EC 1F 2B 01 08 3B 14 3F 5B 9E
      4C 19 B7 49 60 67 F9 C3 E4 9B E5 04 58 AD 99 C4
      C7 77 BD 80 22 DA 6F 8E A3 C6 CB AD 19 F5 7A D6
      04 D8 3E 62 1D EB 4F 4C DA 3F 56 7F 66 D4 09 44
      51 92 3B F4 93 F1 A9 C4 5B 8E 5D AA 0F 7D 86 7A
      A6 9D 7F 14 63 3C A0 4D D4 A9 2E 89 6A 64 D0 23
      E9 4C E6 22 3F DB 5F 1F 82 C0 A2 CC C6 73 03 8C
      8B A7 A1 2A 04 86 17 ED 0F 1A AC 04 EC D7 2A 18
      1A 39 7C 46 C6 0B DB D5 6F 79 98 E2 A5 A3 CA A7
      BA 5F A2 F3 C7 80 45 FD 9D 6D 55 CD DB 47 09 C2
      1E BE 42 56 84 6A 61 4F 63 BA A2 5E DC 3A 64 20
      CB DB 9C 9B 3F 0D 38 14 6B F3 9D 4F 7E 9E 70 D5
      A5 17 2A 0D 3A 24 7F AB 33 11 D8 D1 F1 4B DE DB
      15 CD 77 6E F7 F6 0F 6C F6 4B DA 44 CF 0B AA AD
      0B 32 48 D8 87 90 EE 10 24 38 F8 72 73 D6 EA 1A
      74 34 5C 88 5B CD 9A 1A B4 AC 14 0D 25 BD 35 F8
      85 15 EA 7A 6C 1D 26 AA AB 64 1D 05 9D 3D 2E 44
      05 1C 18 DA C2 60 A1 9A 61 1E 67 29 83 78 FF E0
      E7 8B 46 05 96 B4 AE A1 10 FC 1B 6B 61 C4 E3 FC
      1B C8 AA 79 E4 5A 02 A3 A7 DC 3A E3 F8 9B 6C 64
      24 F3 90 9C 7D 2A C5 1E 66 0D A9 7D 88 6F 6F 36
      B2 74 78 8C 21 95 80 63 AA 82 6D 0E 4F 8E D1 34
      12 9E 65 59 C6 5D 9A 0D BD C4 D8 B2 FE 9E B2 29
      8D FA B3 14 C8 CE 42 5B 4F 6A 03 F1 8A C3 D3 EE
      3C 9E C3 53 F8 6C 61 A5 1C 28 36 48 5B 91 1C A1
      67 C2 97 1A 38 3E D4 85 05 1A DB 6C 17 A7 2C 8B
      F3 17 3C DB 31 A9 C4 20 3A EB 9D C3 AC 77 E4 37
      60 DE 41 0B 7B 19 68 CF 23 6D AE 08 97 7C 41 03
      0A 57 C5 61 9B F2 17 EC 82 7B 25 A1 73 36 FB 78
      43 C6 ED E1 DE 6A 57 95 E4 77 53 ED 97 32 34 F8
      91 55 C6 85 9E 2A 54 E5 10 CB 5D D3 BE 31 2C D4
      E0 B3 DC 75 10 EE FC BB 5C 24 D2 7D 94 BF 36 79
      6F 3C 6E 1D 52 5B 70 4D FB E9 94 6B C3 C1 19 26
      3A 47 EE 84 57 34 C4 62 05 F9 B4 3A 68 AE 9D 2B
      09 21 B6 3A F5 7E 22 53 49 E3 F5 DE 3B BC 20 E3
      52 85 D8 7A 3E BB E6 F2 62 F0 82 2C 94 14 18 BC
      4A D0 4F C4 44 A3 C6 64 2A 07 58 65 AA 37 EA 40
      DF 24 4A FE 6D 40 E9 D2 44 E1 CD A2 31 78 30 49
      18 35 A8 2D 3E 68 DF 8B F6 51 21 01 B8 FA BC 37
      A7 7A 4B 03 DE 85 D5 D8 74 0B 0A 59 E0 CB 1C 5A
      8B 61 BE A7 69 91 4C 98 6B FA 16 3D 4B 2E CD DE
      9F F1 FB 0C 2C A3 22 52 B3 FA 63 9E 52 9A 6E AF
      EB 7F 85 5B 12 20 01 D0 C7 FF FE 69 7B 74 CD 7F
      DA BE 27 AA C0 52 17 71 76 7D F2 00 79 3E 33 88
      DB D4 22 49 60 57 B9 55 22 4D 7E 53 D6 84 DF 7F
      AC EA 99 03 AA 9F 47 E8 81 22 8D D6 43 6E AD 34
      81 9E 9C 79 97 2D D4 CB 2C 71 A7 59 E8 E5 91 A3
      B8 C9 CA DF 69 10 28 2A C4 A7 01 19 18 56 F1 31
      65 22 17 49 D8 94 56 99 F7 2A 78 85 C8 74 C3 7B
      3D 3E FB C9 07 32 5D 14 CF 87 D2 BA FB 63 91 9B
      2A 59 07 F3 ED A2 65 64 8F 6F A7 0F 25 DC D4 CB
      94 21 26 07 4F B2 F0 04 F8 2C DE 0F 37 26 FC 82
      D1 90 D2 AB E5 FC 44 69 21 C7 4A 27 64 99 30 37
      90 26 AE 08 8B 98 B9 69 52 3C 03 D5 21 30 9C EA
      90 17 5D 67 C2 6B 4C 8E 88 63 C4 4E 7C E9 FD 3C
      0F CA 46 D9 6D 01 2B 47 F2 A2 44 87 CE AF D1 6F
      EE 13 2E AD B5 4B AF 0B 7B A0 74 F0 69 E8 44 A0
      86 32 44 9F 16 12 91 E5 ED AE CC 9F 5E B5 D6 89
      B5 9F 2D E5 3D 4F 20 98 28 94 01 9D 10 8F 15 FD
      5C CD D5 F9 F5 CB 67 63 26 EC DE E4 D4 C5 D5 9D
      80 68 B6 E7 81 F4 72 1A CE BF 11 EB 6C 61 C3 21
      48 8D 50 42 32 27 34 D2 37 B8 AB 08 D8 50 D2 40
      18 C1 2C 1F 80 D7 71 55 39 1B A4 7F 7A 05 F1 0B
      9C EE 5A 98 2A 45 90 B1 2D EB 79 22 BE FC 45 B7
      10 9C 81 C2 14 AA 61 74 80 36 63 2C 2C 50 93 6F
      20 26 70 D4 98 2B 16 A1 EB 85 81 03 7E 97 14 BC
      BC 77 57 2E 8F 55 42 DD 05 0D BB 17 6A B3 94 4A
      6D 4F 93 E1 62 F0 D7 B9 4D 86 D4 5D 4D DB 9C 67
      F4 F8 60 E8 90 A5 03 E2 EF 44 0A 6C 65 3F 83 B8
      6C E5 C0 2D 2F 38 80 1E 12 BB A9 F9 3E 7B AB E0
      44 97 35 52 2C E6 59 3D AD 52 91 2E 8A 76 A7 F8
      C5 29 82 3F 33 92 D3 94 1D EF 36 9D 15 F8 60 1C
      EF E4 A7 8C 9B F0 B3 1A 31 0F 77 95 01 8D 95 F6
      CA FD 23 17 AA D8 A2 1E 5C 05 95 17 B8 F4 13 F4
      94 91 A9 02 50 35 3E 87 E2 3B D5 58 4B D3 2A 64
      2B 19 7D 04 73 4D E6 CE 1E 9B EF 70 15 5F 4D DF
      F5 18 78 AB 6C CA 9B FB 84 8A CC A3 C9 D3 15 27
      58 8F 9E DE 01 37 4E 2C 9B 00 5A 14 64 90 07 0D
      B3 C0 C0 01 74 F1 16 12 14 BE 23 31 D4 FF B2 2E
      74 41 A3 50 35 C9 C6 EC 2D E1 B5 98 BF 97 30 13
      C9 3C D6 33 86 76 12 5D 8B 39 E8 57 9C 68 B3 2A
      68 48 15 48 51 6E 06 62 5D D7 13 16 87 65 1B 09
      5B F6 13 95 BA 96 97 DC B6 5F 75 EF 26 0E 5D 25
      18 E2 D1 B8 D6 9A 39 1D 44 9F 11 0D 40 52 45 BA
      04 F1 3D C6 03 8A FB 8E D7 9A 13 8F C1 3F FD 62
      4D CA 24 72 97 8D DD EE B7 12 69 C0 3F 61 5A F6
      50 FD 19 E1 67 C1 45 8A 1E 68 E6 7B EE F8 38 54
      05 2D 9D 80 6D 6F CC 84 41 3E 35 98 5B 33 80 4A
      58 8F 98 1D C1 02 B2 4A 89 33 36 67 4B 3C 3E 14
      04 23 1F 82 19 4F 95 98 9C 39 FF 99 12 E4 00 61
      31 80 38 E0 01 40 F2 BF 77 0C EC B5 FF E8 50 44
      0B 27 76 4D 46 27 B3 46 42 D4 9D 9F B0 4F FC 51
      7C 34 BB 4A 9C 6A 8C 10 67 6D 2C 83 C3 8F 8A 14
      BB 91 34 4F 8C 62 52 BE 56 1A 66 28 8D DE E5 A3
      AD 94 DD 66 2A 4F B6 63 48 8D 56 D3 CE 58 6C EF
      62 B6 49 50 71 7F 3A 93 8E 63 6F 80 41 D3 DE 68
      5E F3 62 80 61 55 FA 4B 26 88 4C E1 5F 8A D6 AF
      0F 7A 62 86 32 45 2C F6 33 AE B7 D6 F4 98 10 1C
      27 72 BE 9D B8 DD 06 F7 E3 BE DB 13 49 CF 0B 92
      24 9D 96 23 FC D6 5A B1 F6 76 84 A8 2A AD D6 71
      51 D3 8F 65 E7 3E 5D 8F 3C 99 95 7A 47 EB 41 2D
      97 10 ED 13 02 0A 0D 31 28 4D CE C3 EA 65 E1 1F
      F8 01 52 10 1F 6E 29 CF F3 DD 08 1E F9 F8 D5 B2
      30 7E 6B FD 62 2B D3 5B 26 9F 27 A3 A3 D4 F6 E2
      30 F3 D7 66 CB F7 2F C6 20 0A 46 93 FC 66 FD CD
      39 E9 89 C1 E9 AD 37 FE 52 FA BC BA 57 FE 83 35
      6D 3F F6 E7 A9 55 6C D6 DF FE 79 2A 73 A7 5F 56
      EA 45 A8 E7 1E CC 6E 71 1F 9C A4 14 AA 6C 7A FA
      71 9B D0 E2 F3 57 A7 15 A8 F7 CC 0A 9B B2 FE CC
      B6 35 F5 3E 6B 85 15 8C 7E 9C E0 73 38 21 E5 FA
      60 C4 36 7E 86 84 D3 29 38 69 44 D1 4F 1F 13 A3
      88 4A E9 88 A3 85 02 AF 43 13 A9 C9 19 15 B4 88
      88 66 E0 27 B3 4F 11 21 68 76 2E 4E 7C 06 95 B3
      4B 7C 1E 9C 0D 4E E2 37 A5 D7 B9 E1 2D BF B3 F6
      32 68 6E 6A 39 21 70 E5 D8 8E 95 67 99 36 DA 82
      7C DC 1B 44 0E 24 58 51 09 D1 57 BE 58 7D CA 45
      65 C2 9D 20 F5 D7 79 14 21 39 99 E1 24 21 53 A4
      9A 59 8E C1 BB 18 9E 58 55 66 93 E8 0C B7 07 F8
      F8 C8 D3 A5 C3 D5 EF 6E E5 F0 E5 85 5D 6A 0D 64
      98 BC 23 81 63 50 67 91 E5 D8 78 F5 AA F2 B2 67
      F5 53 80 52 22 4A 1A 50 59 DC 5F 53 E0 62 A4 B7
      29 27 AB 4C 98 02 0D 85 77 F2 15 59 69 E5 BD B2
      4B FE E4 7C B2 ED 3D 20 D0 18 21 54 D9 B4 6C B3
      57 18 52 47 E6 02 15 3B 60 E6 85 84 64 9A DA D5
      AB A9 57 BA C6 22 F8 7F 55 31 37 2C 40 0E D8 F2
      18 58 2A 59 67 E9 F0 A1 99 FF 6B D0 A3 CC E3 72
      15 DC BA 4A 35 B3 FF 6A 32 D7 AC 84 6D 91 79 3F
      BA 88 B8 89 65 EF C6 9C 27 CB D7 9A AB 33 5C 25
      9A 71 EF F6 24 A9 FB 60 5E 6D E7 F3 71 39 10 18
      C4 D8 AB C4 18 B2 D8 3E F0 26 50 62 F1 28 61 4A
      CD DC 80 06 3F 4D 70 7D 41 24 09 42 19 81 BD 5D
      44 59 30 F2 F4 30 06 87 49 A5 57 DD 53 D3 38 44
      D4 D1 6B C5 F2 57 AA 85 6D 11 DC CB D8 DF 51 60
      85 09 26 FC 34 E9 7C 03 07 39 CD 04 FB 44 19 25
      3F 96 C2 C7 67 55 6A D8 E3 40 4C 1A BF D7 9E 54
      8F F1 A7 11 74 CF 92 73 88 09 26 27 78 EB F2 CF
      93 22 3A 87 3E F2 47 0F F8 E1 05 0A F8 33 C1 F5
      B7 98 AC 32 95 B1 5C CA C8 12 37 A8 C5 5F 89 F2
      11 50 2E D6 84 5F 4C 4E 49 AC 06 21 17 65 22 D4
      7C 0E 34 4C 3E 09 80 15 73 DF 96 7F 65 DE E9 7D
      B1 05 CE 3A 96 DB 21 FA 43 B3 3F 74 F3 5F F7 29
      FF 0A 93 08 5E B7 1E E3 B5 EB 3F 61 32 60 AF FB
      67 DA 44 03 BB 3A EA 39 28 AF A7 0D 4B 15 B0 FF
      38 53 E3 D1 1D D7 8D 39 60 E9 5C 5D 1A FA 41 F3
      E0 60 83 43 77 22 EB 9D 6E 1B 29 AE 8D 54 1E 0B
      AF D2 47 BB 0D E5 3A D9 AD 9E B4 92 2A 33 A3 89
      CC 0F 1D 85 73 C4 3D B7 B5 8B 0C 44 53 57 07 27
      12 19 65 F1 82 25 EE CA E5 92 C4 F5 49 F9 4E A2
      76 33 47 65 C8 48 9C AB 74 0F 58 0F AD A6 DD F1
      6E 52 A2 B9 66 09 89 DF 49 2E D4 E9 AB 8D 64 83
      81 3D 21 4A 72 1A 36 74 D4 87 82 99 D8 99 A1 8F
      35 9E 80 F6 90 B4 8D FA D5 6E ED 54 67 03 F7 9F
      9A 9A 63 8F E7 BA 49 29 C0 BD 9B 79 E5 42 4E 67
      C7 F6 14 D4 E3 06 77 A2 F3 6D CF 05 D1 5D E5 0F
      AB 33 95 79 93 9E 8A B3 58 B7 A7 DF 31 2B 41 2F
      56 88 56 17 9E F4 B5 F8 E0 C3 44 32 A1 19 DC 3C
      76 73 2E CD AE 30 A5 74 EC FB 37 E7 42 DD AB 6C
      4F 1C 3E 4C 0B A4 2A 86 DF DF BE C5 87 69 F0 9E
      D4 0B CB C3 CD EB 30 5D 25 2A DD 55 B9 FC C1 34
      B0 14 4A 34 CE A1 41 F9 97 C0 A9 6A 08 C5 59 BD
      25 F2 72 93 63 15 FA 8A C7 38 F9 36 B9 8C F3 12
      63 00 84 04 E3 E3 A7 CB CF C1 6A 65 6C 4C 73 AB
      5A 15 63 A3 09 BD 16 32 B6 38 7E 0C CC 7F 11 13
      15 CB 67 04 64 8F 97 9E 35 D6 40 4A 4C B7 6A 44
      07 2E C6 14 2B 35 B2 47 A8 45 88 9C 55 44 B3 7E
      1D CA 06 C3 EE CC 8A AF B1 22 B8 BD B8 45 1A 7D
      63 EF A3 58 14 76 4B A2 39 40 F2 1B F1 92 67 F8
      1C C9 79 CF 97 0A 7F 60 9F FE E8 7E 3F 6E 17 9B
      C1 49 A6 65 CF FA A8 50 00 C3 4C 90 7D BE 25 EC
      54 5F 0F 07 DE 38 76 2E 4F 73 3E 7B C3 C7 FA D8
      72 97 13 C0 10 24 A0 AA 04 9A 79 B4 8D B5 5D 23
      AD 2C 4A F5 1B 54 27 24 ED 3F 89 C9 24 C5 C7 AA
      DC F6 AF 29 8D 62 B4 DE 15 D3 6E 8C CC B9 86 A6
      8A D8 60 97 EB CB BA 33 C8 7E 4D F0 25 64 31 85
      84 D4 BA AF 3C FF 2C 28 BA 3A 60 4F 1E 53 6C D4
      4F 40 88 AB 0C C7 94 17 84 4E 56 1C 24 EB A3 16
      76 E2 67 04 23 C3 99 DB 6F E5 7D 85 BD 58 64 AA
      69 93 BC B4 D1 68 25 FF 2A A6 F1 46 BA EC F3 6E
      63 E8 C6 AF 5B 1D 64 4C F1 07 CD 1D 54 BB 1A 6D
      E7 8E B7 6D 08 7E DF 22 EA BC B1 21 F8 19 DC F2
      6E 81 7C B7 47 02 6B 68 D3 4D 56 D0 A9 DE D9 FE
      40 D8 01 66 E7 15 26 AE 02 F5 3D F6 7A 4B F3 4B
      BB B8 5C 42 5D F6 E4 85 C5 8A CD 37 D8 F6 1E A2
      01 E6 5B 2F CC 79 A3 E2 5D BE 01 F0 FA 50 B3 13
      EA 93 F7 7D E0 E8 62 74 92 78 80 EC 62 8F 2A 55
      AE BA 31 D2 2A 00 7D 3A 8D DF 50 88 F3 C8 ED BD
      50 53 0F 75 9C FB 08 9E 58 3D 52 61 B6 7E B1 D8
      4F E5 60 86 DF 50 8A D6 10 4D E9 F6 61 93 32 AA
      24 35 7B EB 8B 22 60 DB A0 16 15 A8 57 EA D9 C0
      DA 9F AF 78 69 A3 B0 3C A6 46 C9 6E 84 DD 7C C3
      7F 8B D3 2B 51 72 06 CE 93 1A 9F 1D 05 CC 10 25
      EA 61 CE D1 69 F5 B3 2D E0 A3 27 16 C0 6C 8B 0F
      37 95 32 8E 10 0B 57 46 77 C1 F7 49 42 0C D4 F7
      BC E5 C2 C5 BE 12 FD 41 0B B5 3F C0 76 DD 2E 8B
      83 DF FE 71 D4 67 9A 1A 08 FF 6F EC 78 01 22 00
      73 80 EC 3F B1 AB 5F 01 1A 82 FE 13 3B 6A 64 60
      90 78 F1 8D EB D3 7D D7 26 6F D5 B8 2A EB 4E E5
      33 FC E8 22 4F B7 69 78 70 68 4A 5A E5 40 9E 28
      66 27 33 9A 42 34 3C 90 FC 1A 32 06 79 63 AF C5
      98 2C 6C 16 1E 24 D0 58 31 45 AC 91 70 7C A9 39
      9A F0 50 52 D6 55 37 07 57 82 D5 C6 A8 BE 74 1D
      1B AC 16 62 94 B5 5C CC A6 1D 01 57 25 56 CA 27
      9D D3 31 0B EE CF B6 50 B5 BF 0B 14 9C 4D 64 B9
      DE 86 1E 84 9F 45 31 58 60 16 BA 59 3B BC 86 E8
      8D 1C BB 93 A4 23 B2 5E AE BF A5 B7 9A 2C 71 D6
      C9 34 EB CE 0E 54 30 74 FF E9 B9 2C AB C5 A9 9F
      34 CA 08 DA FA 00 D4 C0 D6 76 43 92 EC E4 D8 D5
      47 A8 6A ED B7 F1 FE 67 40 6D 34 E6 A3 65 0C 4F
      D6 39 CB B7 30 23 CB 91 1B EC 73 9F B4 90 8A 86
      5B 2A 06 B8 65 DE 09 3E 4B 17 1D 6C E4 1A 90 08
      7B 33 C5 35 FD F8 C9 15 9B BE 82 0E CB D7 9D 29
      C5 9C 15 56 47 E1 A3 D5 BE B4 2C 0A 35 CA CB 5F
      83 F3 A7 CE AF 68 43 7F 2F 17 FF 10 03 85 12 F1
      46 13 BC A0 89 5D FB F2 E2 ED 58 A7 1A 92 E6 3A
      85 24 77 4F 89 22 A6 3F 32 72 20 03 7D E5 34 3C
      6F 4A 9C C6 73 41 AA CE 88 61 74 9E D9 05 AC 30
      3F CD 01 46 0E 99 48 6D 7A 9E C2 EB 69 56 31 67
      1B FD F7 34 13 8F 73 1E 0A 9F 9E DF B1 63 A5 3D
      9C 5B 87 F1 6F 11 D8 27 93 C6 7A EB 88 1B FF 76
      2A C1 4F 33 C4 97 A4 C0 15 A4 03 EB AD 65 5A 0D
      A0 01 43 E4 88 88 73 AE B7 4D 8A 71 73 2C A7 B7
      B0 E0 10 77 92 A2 ED 45 14 A1 03 95 2F 6F 6E E3
      E4 74 3C 7D 87 C5 2E 2F AB 75 73 AB 7D DA B3 00
      79 A7 68 57 A2 E4 6D A5 E0 B3 79 3E C8 D4 0F F6
      8A 3C D9 D9 37 15 65 BE BC 41 5C 80 40 75 C1 4A
      61 9C 14 EE 43 69 F6 DE EA 40 8A 8D E7 DE 6E BE
      BB D4 95 41 59 85 40 41 57 38 9C 30 32 45 B0 EC
      C5 A9 52 39 36 06 68 C6 8F 91 81 0B 54 89 2A D3
      13 45 40 DB 9B E7 F7 D1 B5 8E C3 BB DE E2 27 26
      82 39 20 52 6B 62 D6 B1 E5 E3 9A 96 50 FA A0 8A
      E8 EE 2D DA 68 17 8E 69 EF 78 BE C8 51 A2 7E 8C
      E7 21 4E B0 75 D2 5B DB 13 2A 4E 26 39 A8 C6 5F
      31 25 F2 F6 F9 6F 8E AF AD B5 0B B4 5C 85 4C F8
      50 76 50 90 9B 3F CD 0A 55 75 3F 2A A6 71 19 A9
      7D F9 45 61 A4 84 0D 98 26 24 8A 25 36 08 A6 05
      E8 9F FF F2 60 63 71 AB 01 B7 F0 7F 8B 01 C5 70
      AA F8 02 59 8C 1D 17 1D C7 84 7C 72 06 20 D0 DE
      04 5A B0 05 3A 01 31 2C C7 35 CC E3 7F D7 8E 5E
      95 31 40 EE F7 F1 64 CD 1E 14 7C 63 8E F7 CF DF
      A1 04 0F 48 4F B0 48 67 5D 9A 24 4E 11 7F BE B5
      BB 4F 95 4A 53 F3 9D 11 16 73 C7 8F DE C1 19 E9
      05 72 72 D7 DD A9 17 31 45 84 7D 56 FB 98 9E DC
      9F EF EF 33 DF 4F 15 3C 82 4F 25 E3 3A ED 79 92
      7D 98 41 80 2E C9 CE 65 E9 78 A0 EF EA CE 3A 33
      A2 33 76 29 A0 A5 15 B6 F5 27 04 18 B0 9D F0 17
      20 48 9D CA 38 65 64 C7 ED 85 97 82 3A E5 A3 6E
      F9 4D 13 FE 23 85 F7 6E F5 B7 02 E8 A9 17 A9 0C
      E9 4B 76 C6 E5 DA DE C9 AA 02 18 EB 49 BE D8 42
      28 E8 BF 4D 82 1D 46 EB 1A B9 38 6E 4F 4C 52 8F
      86 7E 95 18 9D E5 4B 0F E3 DC DC 1B F5 F9 49 4E
      60 1D 7B 6A 9E 3A 61 40 51 89 FE 86 B9 A4 14 A8
      09 FE 9F A0 72 01 84 00 56 00 F9 FF 09 6A B8 F1
      3F 41 A5 01 17 06 1A 72 3D BE 0E EA DD 92 B3 11
      26 66 87 B2 85 0A 24 A7 DA E3 7A 98 B4 B7 3B D2
      56 E7 73 4D 56 83 ED 61 2E 29 D9 23 F2 44 39 1F
      3A EE C7 1E 94 82 7A 85 72 38 8E 8B 52 86 62 26
      FE 2C E1 29 3A F2 32 DD 5C 99 67 DA 1F B3 75 F2
      26 24 32 DE 19 CB 4F 0F 27 3C F9 57 74 ED D5 99
      CA 0D 8A F5 2C C8 8F 21 95 0F DC 06 BD 98 DC FA
      E3 59 24 FD 2F C2 5E 8B CB 0C D0 BA E9 BB 55 39
      E8 04 D8 30 BB 17 E9 56 D2 7A 6F EE 5B C8 7A 9E
      77 92 36 69 6A 7D 61 D4 FD B0 2C 3C 3A 8F AE 94
      D0 6D 10 FE 7E 39 97 60 7F B7 42 E8 BD 71 81 DD
      8F 04 6D 31 15 8F 43 DD E7 4A 95 FC F6 05 73 7D
      E4 26 DE 68 59 2D E3 16 3F D6 7C 8D C6 DC 46 B7
      1B 7A F9 5B 9A D3 22 8F 75 7B 94 28 C1 BD 5E A5
      9F 22 84 94 98 1D C7 6F 6C 36 3D 91 BF D2 70 29
      7E 6D 01 AF 7A E5 F4 E9 16 DE 51 7F DA CA 84 59
      B9 31 50 96 1F 6F 84 A4 3F 7E 19 D2 7A 26 60 D5
      C1 B7 F2 DC 98 42 EC 8B A9 75 72 F9 8A 8F D9 69
      8B 25 83 07 05 3F 07 B3 BE AE 17 5A 8F 5E A4 02
      4D 47 75 09 8E 62 A6 43 9D C3 58 EE 98 C7 3C A4
      56 74 6E 45 7B 55 FF 10 43 C5 88 75 47 23 63 21
      C7 A9 D8 38 A1 E6 7E B5 04 C5 EB 7C 4B A9 4B 0D
      DF 90 73 3D B7 79 29 B6 85 D9 80 2A 12 5D 24 DF
      FA 44 63 C2 1D 68 B5 B2 CA 95 0A 5C C0 95 A4 FA
      06 AF DA AB B4 F5 D2 E9 88 1A EA CE AB 64 F8 4F
      72 80 33 CD 04 2B 07 58 FD 9D 8F 37 95 6D EF DA
      39 F1 C8 56 C5 F0 E6 3F 3B 9D DB CA 7B 6E 9C 13
      9D EF C3 FC A8 9C BF 8B A8 98 92 41 EE 90 B4 1C
      E6 17 39 E7 08 0B 50 34 05 67 F9 F7 A6 C0 31 44
      AC B9 3B 52 83 9A 5C A5 E1 49 77 5D 37 9F 9B FE
      C5 54 91 EB 79 F7 32 8A 30 9F EC 6A C3 45 A2 69
      39 7C 24 A4 E4 6E 95 50 51 96 27 69 05 FA D9 A3
      B6 AA 54 57 22 9A EA 02 DB D9 B8 F8 DA A6 DE 54
      F6 B8 D2 C3 5C C7 EA 9E 07 23 AE F5 2E C0 4E 97
      EC 41 DD B4 9D 86 D1 77 44 F7 19 9C B4 DD EA D8
      3A 4C 47 4A EB 8D 1A A6 E0 98 25 4E 72 8A D6 31
      85 CD 51 C8 96 F6 2F 0D B6 9A 86 CF D5 EF F7 17
      C4 9C B2 BF 8C B3 D4 3D C4 99 73 6A BC 6B 3B 6C
      DF 7F 5F 56 37 52 1E AC 37 EC 76 D4 25 5E D0 D5
      8D 97 5C 25 70 8F BF 1C B4 81 8D A6 9C DC 0B 2A
      F6 28 61 A7 0F FC 8B 53 55 89 26 EC B8 FA DD D3
      38 28 7F 09 9D FE 88 03 54 B0 11 7A C8 95 C7 8B
      9F CB EC 2F 29 B6 D9 14 AE F6 84 86 EE FC 3A 20
      E5 A0 C2 57 C0 94 C6 17 73 8F EA 50 31 56 FB AE
      15 32 49 4D 55 D6 17 C1 BE 6C 52 FB AB E0 69 79
      42 B3 CE 59 46 FD 1B A4 35 10 82 23 A2 29 CE B4
      3B DF 61 9A FB C7 E2 F3 1E D8 AB A9 92 58 62 8D
      75 E4 23 BE FA E3 8A B1 ED 35 C5 5D 08 D4 3C 7B
      47 5A 85 BE 1F 6F C3 E8 F8 96 8F D1 FB 4B FB 25
      C4 E3 DB 67 0B 4D C4 53 C4 B0 C0 6F 36 6F E6 65
      3F E0 02 F3 74 89 EE 7F 06 83 FF BE E5 C9 0F 39
      DF 0D A8 B8 EB 02 E3 EE 1F 9E 25 86 11 0E 7F A3
      4A E5 7F 7B 99 6A 45 71 F8 CB F4 EF 83 72 2F 27
      2F F5 BD 01 51 97 3E 82 91 4F 46 2A CC 33 DF 96
      FB A9 E6 3F 9C C1 39 6C B7 2D EF 7C 63 8F FC C2
      04 B4 51 ED 78 0E B3 80 54 BF DB C8 F7 7D FF 3C
      EA 3B 23 A8 97 EF EC E7 1F 95 BF 22 11 61 37 BD
      A7 DE 8B F4 81 C3 DC 5D 00 EE D3 AF DB 85 F9 01
      C8 53 13 15 02 7F 86 28 30 DC 4B D0 90 BD 8F 28
      36 A3 81 7C 2F 12 60 1E D6 07 5A 1D 00 50 DB EE
      08 53 E4 A7 73 C1 9D 94 13 7F 5B DB 08 2C A6 7E
      31 8D 49 23 E2 07 5A B7 DB 41 29 A5 81 00 9D 84
      49 AA 82 CF 1C EA 2C B6 C9 71 B4 FD 48 52 E5 D1
      98 19 F5 EC DE 04 7A 74 C0 0D 77 4E EA F2 4F EF
      C3 00 FF EE 0B 42 80 30 07 40 10 60 03 50 F8 E7
      FB 24 AF 95 14 11 2D A3 9B FF EE 0B 2E 6D 68 67
      12 A3 42 50 18 00 F9 E1 8C 94 25 17 26 6D E9 6E
      03 A4 82 D4 99 55 34 4D E5 F6 3D C8 1C B1 10 53
      7A 9D AD D9 58 36 46 50 2E 36 4B D6 92 F4 A8 32
      69 0B 32 06 78 63 4F 9A E5 C2 FF B8 39 98 E9 E1
      D6 58 B9 01 E3 2C 50 35 61 41 D4 C9 39 7D 4C B2
      E7 63 82 01 56 52 B1 D4 7C 98 3E 7D 3E C7 F0 C3
      DD 3F 46 D4 0C 95 AE 6E EE 6F 8E D7 FA 75 2D AE
      6F 5B B3 53 ED 63 29 1F D9 8F 28 3C D6 C9 E6 95
      30 FE EC 6D 22 F9 E9 75 1D 8B EC F5 99 4F 89 BD
      F6 20 A3 51 32 A9 CC ED D6 FA ED E8 B9 9A E0 AE
      81 8F B8 9C C1 E0 07 0F 43 BB 14 C0 FB 4C 19 7A
      32 77 7E BD F1 53 E1 95 6C 96 C3 B8 FD 44 6C C0
      9F 5E 36 FB FD 69 F3 AE 9A C7 4C 2E 58 DE 3A 22
      19 7C F7 58 AF 47 8B 12 4C 74 8C FD 94 C6 3F 7F
      C8 95 00 35 CE CF 90 BC 6A F9 0A 2D A1 FC E4 4B
      50 FB AE D0 E2 17 85 80 FD DA 60 8B A4 D0 45 C0
      67 B7 B6 0C D9 6F 76 B1 EC 67 73 B4 DB CB F4 56
      83 4E 2B C1 0A 8B 4E 9F F9 7E E5 68 CC 90 99 11
      CD E1 4B 03 EA 6C C3 62 40 8F 5E 71 A2 F2 1B CC
      8A 04 2A 77 F5 47 71 37 4C F5 A0 A2 02 77 56 BD
      6A F0 3E 10 2B 36 CC 07 02 F1 97 95 62 E3 5E 21
      68 D7 93 7C 06 0D 55 12 0D A4 03 B8 34 39 4F 48
      EC 60 9A E3 5D 84 C9 B2 4C 5C 1B 89 56 2B 53 C5
      29 A0 85 14 6E 7C 55 74 D9 DF EF 38 E2 1C 4F 63
      55 0F C4 FB 00 24 90 27 F3 6F 1F 30 D3 EB 8D 17
      2C 65 27 04 51 AB C4 55 3A B2 8A 9B 06 3A E6 3E
      D7 CC 01 E7 79 28 D3 83 1F E0 7A B1 54 0C 06 55
      95 15 30 3F E3 B9 F5 C2 B8 59 A4 23 94 94 68 6F
      52 2A 92 E1 32 41 42 3F C0 79 1B 1B 3A 8C E0 4D
      4D C1 56 EE 30 52 19 0F 1B 94 E5 82 B8 86 E5 6E
      CB 5D 9D EF 62 FD 95 4D DD 58 03 D2 73 A3 99 09
      2A 4C 69 AA 27 62 D6 F6 A4 F6 9C 6D 97 6B 9A CA
      62 1D 8B 52 53 83 84 EA EC 80 2B FB F0 4E B2 BC
      D1 D7 2D 14 C5 6A D4 83 BC D5 D1 6C 13 27 5A 5B
      0D 0F 1A A6 3A 9B 08 77 B0 9E F5 51 B6 42 2C 22
      C3 09 AB 1E 0D 2F 4E C5 3D EB 56 25 E2 79 58 65
      74 DB EB DA A2 DF 5C 1E 6A 2F 8F EA B8 BD 8D DB
      DB 3F C8 DE D8 C2 21 5F 01 C0 C2 47 9D 3A 4C 35
      BC DD FE 33 9F 6B 5A CB 66 99 C1 14 55 8E 5C C7
      BD F4 2D 4D 95 AD 4D 87 04 9E FD 42 3F 87 9C 07
      7E A6 32 79 BF E6 69 F7 45 11 11 A2 D1 A8 3E 61
      AB 51 B1 A6 8B 05 71 C9 76 EE 2F CA 47 C2 EF 48
      0C 27 A9 7C 4A 0E 4E D9 6E B5 07 F3 C0 42 1F 89
      34 95 D6 32 78 48 89 E0 14 1F EC 2A 03 9D 95 A2
      B1 10 D1 05 8D A2 50 F8 DB 57 C3 A1 5B 18 1B B4
      49 9E 54 3D 5F 24 1C AF F5 B7 ED 82 65 86 9F C3
      AF 6A 07 E6 9C 8A 2E 68 17 55 47 3C 9A C4 22 66
      F0 1E 61 DF F2 FB 74 A4 38 A9 AB 2B 33 6A E4 CE
      7D EE CA BB 7D 4A 8C CF 7F B2 3E EB 1E 4E 8A E3
      66 98 9E 35 96 BF 35 15 90 6C CB 18 70 3E D6 3C
      31 51 C8 04 BE 61 25 64 7C 2E AD 32 97 79 BD 4C
      A7 F8 AD BF FA 30 55 B3 72 6F C1 53 84 FB A9 A4
      BF 92 63 F0 42 7B 04 37 94 FA C5 26 63 D5 4B 46
      77 3E 36 80 0B 1C 2F 18 29 81 20 A7 56 E1 8E 53
      2D 53 04 C0 E7 2B 00 59 07 97 2E E1 B8 7B A1 D9
      8C EB F1 26 AA B9 37 49 18 95 C0 DA B6 63 1F 66
      7D 15 42 42 42 58 A1 9A 15 7D EB 74 EF C5 E8 2A
      80 6F 59 A3 93 6F 86 0A F9 9A A0 9B 0F 22 27 28
      FD 1B 10 7E 3A 42 41 3C 21 C5 45 B1 50 46 80 8B
      5D CA 69 40 03 A8 67 41 20 B7 B9 95 8C 8D 9F 80
      1B A1 BC 64 25 06 36 A9 EA 04 12 8C 0C 28 80 46
      0A 47 6A 77 27 80 85 61 8B D0 61 92 23 55 1F 9A
      A2 C8 A6 BE 09 FE 42 6B 93 0A 72 EA 6D E2 86 D3
      9E 77 F7 9C 73 CA BE E1 55 27 06 64 D2 60 59 35
      9D FA 2A 7A 57 E4 B4 13 D8 BE B6 41 4A 1E 90 4C
      A9 DA 07 6B 13 A0 F9 54 F7 4A 8F 79 57 C8 61 04
      5F CE D3 CF 76 93 93 5C 47 8B C8 08 FF F5 94 67
      C2 7F 9E F5 0B C0 B7 CC FF F7 59 3F AF EE F9 A4
      EB 7F 66 E7 5F DF 07 DE EF 0A 93 6E 18 C4 15 0F
      BC A4 43 FA 12 F2 7A 71 0D A6 F1 3F 54 4F 98 14
      5E 87 A7 09 DA 0D AB 06 0A 18 29 99 8B 39 ED 2D
      32 E1 06 C5 22 E5 03 C9 58 87 BD 32 C6 F2 78 62
      05 37 49 05 3E 77 A3 75 8A 43 3B 94 44 38 1F 55
      1A F3 71 42 64 45 D6 6A AB 4D 7A 78 83 B9 27 2A
      55 EB 6D 3F 90 51 AC 92 EF 3E 7C ED 45 4A 77 14
      59 B3 56 4B E0 BC AE EE 81 1D B3 FE 84 9C 50 25
      F8 98 37 1B D9 D8 66 49 BD C5 D3 F1 41 A9 D4 16
      8A A0 35 1F 35 E6 E5 7C 06 DC 44 96 98 33 F1 A0
      1C 27 15 52 89 12 5A 1A 27 89 32 2F 39 ED FB A7
      92 77 0B 6E D7 CD BF BE 34 2D 8B 7E 7C EF 06 EF
      8D A5 12 BF 61 70 B6 98 86 94 19 AE E5 69 32 BC
      8A 72 F4 CE 87 73 44 12 45 3F 29 DF E0 D7 0D 8B
      CE B8 42 9F 45 22 AA CD C6 98 F9 D7 FA 57 DC 6B
      EE 3F C6 8F D6 18 41 31 67 6E 36 CE D3 37 78 D8
      54 8B 60 1C A5 01 37 DA FB 4A AC 8A 56 28 5D 54
      12 79 69 44 88 8F 3F B1 01 9D 06 CF 68 DD 68 86
      64 AD 5E 10 09 D8 C6 E9 69 DC B7 47 FB 71 94 AC
      15 38 D3 C2 8C 63 05 86 4B 55 F3 D5 1A 28 BC 6C
      3C A2 D2 3F CD C7 16 20 C2 E2 4C 3F DD A9 28 90
      60 78 CB 37 45 A1 41 C1 6F 18 CB 1B B7 9D 70 1B
      5A 59 36 49 21 BF 31 49 A8 D4 65 BC B3 1E 4E 72
      1F A7 9A A2 0D 89 40 85 F6 89 B8 8C 79 6D BD 7D
      64 9F A2 91 40 37 90 E5 F3 9B 87 36 3E A3 72 CE
      50 7C 29 18 4B 26 BA C6 8D EB 4B 93 0C 26 D8 CA
      2F 25 42 C5 C9 34 6D C8 C7 0B 07 1F AE F1 F1 DB
      4B 38 3A 26 17 D7 DB 25 50 3F AD 4B 8E 60 F0 18
      DD 75 86 96 2C 56 3A 15 A5 03 DB 4A 34 36 8F BC
      55 B1 66 9A 5D FD C5 E8 66 DC 78 49 46 B8 ED 6E
      C2 A1 00 91 5A CA D3 4B 76 F5 8A FA 85 2B 82 D1
      C2 D2 70 BA A1 D2 4A 58 89 2A D6 B8 97 D9 0D F6
      79 C6 55 A8 0E FA 43 4C 8D DE F9 9C 6C 0F 1A 28
      45 EE 5E DB 82 DD 4B C1 59 AD 88 47 37 F8 2A EC
      0B 0B BF C8 55 A8 69 A2 79 EC 44 F3 DA 7F 51 29
      1A 3A EC DA FE 15 B6 E9 C7 42 C6 DD 8B 32 A3 79
      B3 99 FB AB BA 2D A0 DE ED 6B E3 72 37 B9 67 28
      E1 94 D9 2B 58 A0 62 95 27 EC A2 C1 6C A0 ED 4F
      BF 59 4A 27 A1 19 39 EF BB 1F 85 9F 6B 60 37 F3
      F6 BE F9 DC 58 7B E2 4E FD 91 0A 7A DC BD 60 EB
      7E D8 46 66 F5 5B 64 60 C4 84 08 37 78 F3 53 CA
      D1 3B C1 1B 09 27 BC C7 CD B2 B0 41 B1 9F 07 1A
      C3 D2 66 C2 3E 7D 08 F8 D1 D3 91 95 63 4E F5 09
      B1 AB A9 E8 3E C9 34 E8 8F 66 99 FA 84 49 5F D2
      14 95 24 41 5F B1 3B F5 1F 7E 00 97 9E BD 51 CE
      33 07 83 07 EE C7 54 CE 6E 54 88 FB 4C 58 7F 59
      6D 9A B9 AC D3 F1 EB 12 3B 67 E0 D4 38 A8 BF AA
      95 66 E6 FD F5 BB 71 31 E2 93 87 FF 3C 62 A7 96
      46 71 2B A3 E7 8C BF 64 74 2F F1 D3 8F FE 3F 03
      30 DF A2 8E 3A D6 B8 6D D7 E4 F5 AA 60 A0 8E 7A
      AA BE 5E E0 E6 25 73 DD C9 44 FE A7 66 7F 35 97
      8A 69 F5 5B D8 E4 A4 91 AF 2D 1B 17 CF D8 EE 37
      EE 0F 6C F2 7F 30 0F DB 57 B0 CB 31 11 46 7E B4
      0C 3A 0C 4A D2 0B 68 AF 2C D6 3B 82 D5 B8 C5 83
      A8 5F D9 AC 1B 9E 34 AF 2F 07 5B 07 9F FC D5 F1
      A9 23 AD E6 16 93 73 96 00 AD 6D 18 E2 7D F0 E1
      A0 A4 BE C0 8F 08 2B 98 DC A9 14 DB 28 31 30 9C
      CA A0 63 FB 83 D7 97 93 35 8D EA 07 C7 2E D4 67
      C5 85 A7 EE 7E F5 E1 E2 1C 04 41 C7 D9 57 27 C5
      E4 04 C0 88 B0 12 09 74 51 12 A2 FC 8B 96 FE 33
      B0 5D 04 CD 1A 67 D7 68 CD 44 38 44 18 4D 80 A0
      2D 24 4D EE B3 D7 FF AC F4 10 5E 71 4B 2C 00 2E
      42 D6 40 42 B6 59 DE FD 20 51 05 00 E2 E8 E4 B8
      1A 44 13 93 48 D8 53 5C 62 23 2E 66 1E AB E2 36
      26 6F 0D 57 A3 7F 4A C8 DD F3 68 45 73 5E 61 30
      3F 60 A9 19 7C 0F C4 42 BF 15 AF 11 B0 4D A5 80
      E9 6D DD 03 0C 6C 09 A7 A2 6F 8A 16 8A 45 29 1E
      D8 88 92 00 E8 88 7C 6D EC 29 0F 94 01 D8 35 F5
      92 0B 71 16 86 04 BB A2 54 5A A2 0C EB 30 4A 2D
      73 6C 73 A1 75 2F E6 14 C7 FE 48 F9 01 7D 79 B6
      92 6E 30 00 20 B1 8A DC 39 9C 85 4B FF 0E E3 FF
      1A A3 FB 93 48 80 DC 05 BD 42 98 95 1F 4B 58 03
      BF 9D 50 79 6C 6D 7B 1E 66 F0 D7 76 D6 C7 84 D4
      E8 A1 39 02 C1 3B 68 40 A1 14 9A 2E D6 1D CD DA
      30 A9 53 30 79 C2 9E FB 66 48 E4 47 49 AC 05 70
      85 40 15 D9 C5 DC B4 53 23 A3 4A 90 2B 21 EF 18
      91 A9 45 EE D0 6A 9D 45 95 AC 4D CF 39 30 44 B3
      25 C2 BB 30 33 06 58 09 88 37 0F 97 14 26 5A 09
      FF 3E CD 3F 2A 2A 05 E7 D9 7D 14 43 6C 71 7C A5
      F7 3A 18 4D D1 E5 8E E6 42 F9 A7 06 EF 95 F9 8E
      3B 2B DD 5B 3F 21 94 37 68 34 F9 24 B4 43 B4 EE
      D3 65 0F B1 C5 44 6A 85 71 96 35 F7 9F 16 EC B2
      F2 2E 96 F1 0B 22 A7 C6 01 9D 74 04 1F D9 AE C2
      89 86 32 39 87 58 65 E1 9B DA 45 37 22 1E 95 3C
      32 43 04 58 27 F2 63 13 D5 D3 4F E5 71 81 CE 30
      55 E3 94 2A 0A BE 1B D4 C9 9D C0 30 12 0C 01 D4
      1A 55 F7 C8 BE F1 40 9E B6 F8 01 38 75 5A 0E 09
      DF 99 7B 14 6E 0F 88 DD 54 CC BE 49 45 93 F2 CC
      9E 14 66 7E E0 AA DC 00 99 15 19 76 93 CE EC 2C
      33 BD 89 35 94 7A 77 12 CC 6E 0C 95 68 54 78 52
      1B 49 F0 52 F0 6D AE D2 72 57 CE 3B 86 8D 64 59
      0B 7B AE 3F 72 00 E7 56 5B 1C AA 34 86 F7 06 F9
      94 BE E5 6B 5C 70 62 8D 86 D1 BC 76 90 5F 93 C3
      8C 57 A2 A3 3E 27 B2 94 34 23 FB AF 6A 22 25 8D
      78 3A 97 07 B3 48 53 87 5A 87 C1 DD F9 08 C6 21
      23 BE E3 FC 6D 8B BC 67 9F 0B 7E 4B 3E F3 FF 2A
      A2 CF CC 3C 89 F7 D1 DB FF 0F CC 8F 9C C3
    </block_data>
  </DSMCC_download_data_message>
</tsduck>
